<?xml version="1.0" encoding="UTF-8"?>
<robot generator="Robot 3.2.2 (Python 3.9.0 on win32)" generated="20210604 12:12:10.909" rpa="false">
<suite id="s1" name="Fetch File" source="C:\Users\ssumanth\OneDrive - Hewlett Packard Enterprise\Documents\Projects\Fabrics_Audit_Automation\Version 2\Cards\fetch_file.robot">
<test id="s1-t1" name="Test main">
<kw name="Get File" library="OperatingSystem">
<doc>Returns the contents of a specified file.</doc>
<arguments>
<arg>config.txt</arg>
<arg>encoding=UTF-8</arg>
</arguments>
<assign>
<var>${out_file}</var>
</assign>
<msg timestamp="20210604 12:12:20.223" level="INFO" html="yes">Getting file '&lt;a href="file://C:\Users\ssumanth\OneDrive - Hewlett Packard Enterprise\Documents\Projects\Fabrics_Audit_Automation\Version 2\Cards\config.txt"&gt;C:\Users\ssumanth\OneDrive - Hewlett Packard Enterprise\Documents\Projects\Fabrics_Audit_Automation\Version 2\Cards\config.txt&lt;/a&gt;'.</msg>
<msg timestamp="20210604 12:12:20.223" level="INFO">${out_file} = output_path= C:\Audit_report
</msg>
<status status="PASS" starttime="20210604 12:12:20.222" endtime="20210604 12:12:20.223"></status>
</kw>
<kw name="Split To Lines" library="String">
<doc>Splits the given string to lines.</doc>
<arguments>
<arg>${out_file}</arg>
</arguments>
<assign>
<var>@{out_lines}</var>
</assign>
<msg timestamp="20210604 12:12:20.224" level="INFO">1 lines returned</msg>
<msg timestamp="20210604 12:12:20.225" level="INFO">@{out_lines} = [ output_path= C:\Audit_report ]</msg>
<status status="PASS" starttime="20210604 12:12:20.224" endtime="20210604 12:12:20.225"></status>
</kw>
<kw name="${out_elem} IN [ @{out_lines} ]" type="for">
<kw name="${out_elem} = output_path= C:\Audit_report" type="foritem">
<kw name="Split String" library="String">
<doc>Splits the ``string`` using ``separator`` as a delimiter string.</doc>
<arguments>
<arg>${out_elem}</arg>
<arg>${SPACE}</arg>
</arguments>
<assign>
<var>@{out_words}</var>
</assign>
<msg timestamp="20210604 12:12:20.237" level="INFO">@{out_words} = [ output_path= | C:\Audit_report ]</msg>
<status status="PASS" starttime="20210604 12:12:20.226" endtime="20210604 12:12:20.237"></status>
</kw>
<kw name="Run Keyword If" library="BuiltIn">
<doc>Runs the given keyword with the given arguments, if ``condition`` is true.</doc>
<arguments>
<arg>'${out_words}[0]'=='output_path='</arg>
<arg>set global variable</arg>
<arg>${output_file}</arg>
<arg>${out_words}[1]</arg>
</arguments>
<kw name="Set Global Variable" library="BuiltIn">
<doc>Makes a variable available globally in all tests and suites.</doc>
<arguments>
<arg>${output_file}</arg>
<arg>${out_words}[1]</arg>
</arguments>
<msg timestamp="20210604 12:12:20.239" level="INFO">${output_file} = C:\Audit_report</msg>
<status status="PASS" starttime="20210604 12:12:20.239" endtime="20210604 12:12:20.239"></status>
</kw>
<status status="PASS" starttime="20210604 12:12:20.237" endtime="20210604 12:12:20.239"></status>
</kw>
<status status="PASS" starttime="20210604 12:12:20.226" endtime="20210604 12:12:20.239"></status>
</kw>
<status status="PASS" starttime="20210604 12:12:20.225" endtime="20210604 12:12:20.239"></status>
</kw>
<kw name="Set Global Variable" library="BuiltIn">
<doc>Makes a variable available globally in all tests and suites.</doc>
<arguments>
<arg>${pass_file}</arg>
<arg>${output_file}\\Audit_${day}\\Audit_report_consolidated_${day}.xlsx</arg>
</arguments>
<msg timestamp="20210604 12:12:20.241" level="INFO">${pass_file} = C:\Audit_report\Audit_06-02-2021_13-05-28\Audit_report_consolidated_06-02-2021_13-05-28.xlsx</msg>
<status status="PASS" starttime="20210604 12:12:20.240" endtime="20210604 12:12:20.241"></status>
</kw>
<kw name="Sleep" library="BuiltIn">
<doc>Pauses the test executed for the given time.</doc>
<arguments>
<arg>10</arg>
</arguments>
<msg timestamp="20210604 12:12:30.246" level="INFO">Slept 10 seconds</msg>
<status status="PASS" starttime="20210604 12:12:20.243" endtime="20210604 12:12:30.247"></status>
</kw>
<kw name="Set Global Variable" library="BuiltIn">
<doc>Makes a variable available globally in all tests and suites.</doc>
<arguments>
<arg>${input_file}</arg>
<arg>${output_file}\\Audit_${day}\\Audit_report_unique_${day}.xlsx</arg>
</arguments>
<msg timestamp="20210604 12:12:30.251" level="INFO">${input_file} = C:\Audit_report\Audit_06-02-2021_13-05-28\Audit_report_unique_06-02-2021_13-05-28.xlsx</msg>
<status status="PASS" starttime="20210604 12:12:30.249" endtime="20210604 12:12:30.251"></status>
</kw>
<kw name="Extract" library="fetch">
<arguments>
<arg>${input_file}</arg>
<arg>0</arg>
</arguments>
<assign>
<var>@{part}</var>
</assign>
<msg timestamp="20210604 12:12:31.351" level="INFO">C:\Audit_report\Audit_06-02-2021_13-05-28\Audit_report_unique_06-02-2021_13-05-28.xlsx</msg>
<msg timestamp="20210604 12:12:31.357" level="INFO">@{part} = [ Part Number | P23664-B21  | P23664-B21  | P23664-B21  | P23664-B21  | P23664-B21  | P23664-B21  | P23664-B21  | P23664-B21  | P23664-B21  | P23664-B21  | P23664-B21  | P23664-B21  | P23664-B21  | P2...</msg>
<status status="PASS" starttime="20210604 12:12:30.253" endtime="20210604 12:12:31.357"></status>
</kw>
<kw name="Extract" library="fetch">
<arguments>
<arg>${input_file}</arg>
<arg>1</arg>
</arguments>
<assign>
<var>@{product}</var>
</assign>
<msg timestamp="20210604 12:12:32.157" level="INFO">C:\Audit_report\Audit_06-02-2021_13-05-28\Audit_report_unique_06-02-2021_13-05-28.xlsx</msg>
<msg timestamp="20210604 12:12:32.166" level="INFO">@{product} = [ Product name | * RECOMMENDED * Firmware for HPE InfiniBand HDR/Ethernet 200Gb 1-port MCX653105A-HDAT QSFP56 x16 Adapter : HPE part number P23664-B21 | * RECOMMENDED * Firmware for HPE InfiniBand HDR...</msg>
<status status="PASS" starttime="20210604 12:12:31.358" endtime="20210604 12:12:32.166"></status>
</kw>
<kw name="Extract" library="fetch">
<arguments>
<arg>${input_file}</arg>
<arg>2</arg>
</arguments>
<assign>
<var>@{date}</var>
</assign>
<msg timestamp="20210604 12:12:32.971" level="INFO">C:\Audit_report\Audit_06-02-2021_13-05-28\Audit_report_unique_06-02-2021_13-05-28.xlsx</msg>
<msg timestamp="20210604 12:12:32.973" level="INFO">@{date} = [ Date | May 10, 2021 | May 10, 2021 | Apr 30, 2021 | Apr 30, 2021 | Apr 30, 2021 | Apr 30, 2021 | Apr 30, 2021 | Apr 30, 2021 | Apr 30, 2021 | Apr 30, 2021 | Apr 30, 2021 | Apr 30, 2021 | Apr 30, 202...</msg>
<status status="PASS" starttime="20210604 12:12:32.167" endtime="20210604 12:12:32.973"></status>
</kw>
<kw name="Extract" library="fetch">
<arguments>
<arg>${input_file}</arg>
<arg>3</arg>
</arguments>
<assign>
<var>@{version}</var>
</assign>
<msg timestamp="20210604 12:12:33.562" level="INFO">C:\Audit_report\Audit_06-02-2021_13-05-28\Audit_report_unique_06-02-2021_13-05-28.xlsx</msg>
<msg timestamp="20210604 12:12:33.566" level="INFO">@{version} = [ Version | Firmware | Network | 20.30.1004 | Firmware | Network | 20.30.1004 | Driver | Network | 5.3-1.0.0.1 | Driver | Network | 5.3-1.0.0.1 | Driver | Network | 5.3-1.0.0.1 | Driver | Network | 5....</msg>
<status status="PASS" starttime="20210604 12:12:32.975" endtime="20210604 12:12:33.566"></status>
</kw>
<kw name="Extract" library="fetch">
<arguments>
<arg>${input_file}</arg>
<arg>4</arg>
</arguments>
<assign>
<var>@{os}</var>
</assign>
<msg timestamp="20210604 12:12:34.334" level="INFO">C:\Audit_report\Audit_06-02-2021_13-05-28\Audit_report_unique_06-02-2021_13-05-28.xlsx</msg>
<msg timestamp="20210604 12:12:34.337" level="INFO">@{os} = [ OS | Red Hat Enterprise Linux 7 Server, SUSE Linux Enterprise Server 12, Red Hat Enterprise Linux 8 Server, SUSE Linux Enterprise Server 15 | Microsoft Windows Server 2012 R2, Microsoft Windows Serv...</msg>
<status status="PASS" starttime="20210604 12:12:33.567" endtime="20210604 12:12:34.337"></status>
</kw>
<kw name="Extract" library="fetch">
<arguments>
<arg>${input_file}</arg>
<arg>5</arg>
</arguments>
<assign>
<var>@{download}</var>
</assign>
<msg timestamp="20210604 12:12:35.184" level="INFO">C:\Audit_report\Audit_06-02-2021_13-05-28\Audit_report_unique_06-02-2021_13-05-28.xlsx</msg>
<msg timestamp="20210604 12:12:35.188" level="INFO">@{download} = [ Download Page | https://support.hpe.com/hpesc/public/swd/detail?swItemId=MTX_b853821b83e7481fbf00ea3d81 | https://support.hpe.com/hpesc/public/swd/detail?swItemId=MTX_1f8ca5714f8941e8b1615e3fc1 | ht...</msg>
<status status="PASS" starttime="20210604 12:12:34.338" endtime="20210604 12:12:35.188"></status>
</kw>
<kw name="Extract" library="fetch">
<arguments>
<arg>${input_file}</arg>
<arg>6</arg>
</arguments>
<assign>
<var>@{description}</var>
</assign>
<msg timestamp="20210604 12:12:36.111" level="INFO">C:\Audit_report\Audit_06-02-2021_13-05-28\Audit_report_unique_06-02-2021_13-05-28.xlsx</msg>
<msg timestamp="20210604 12:12:36.115" level="INFO">@{description} = [ Description | Firmware for use with HPE InfiniBand HDR/Ethernet 200Gb 1-port MCX653105A-HDAT QSFP56 x16 Adapter. | Firmware for use with HPE InfiniBand HDR/Ethernet 200Gb 1-port MCX653105A-HDAT QSFP...</msg>
<status status="PASS" starttime="20210604 12:12:35.188" endtime="20210604 12:12:36.115"></status>
</kw>
<kw name="Extract" library="fetch">
<arguments>
<arg>${input_file}</arg>
<arg>7</arg>
</arguments>
<assign>
<var>@{severity}</var>
</assign>
<msg timestamp="20210604 12:12:36.886" level="INFO">C:\Audit_report\Audit_06-02-2021_13-05-28\Audit_report_unique_06-02-2021_13-05-28.xlsx</msg>
<msg timestamp="20210604 12:12:36.886" level="INFO">@{severity} = [ Severity | Recommended | Recommended | Recommended | Recommended | Recommended | Recommended | Recommended | Recommended | Recommended | Recommended | Recommended | Recommended | Recommended | Recom...</msg>
<status status="PASS" starttime="20210604 12:12:36.117" endtime="20210604 12:12:36.886"></status>
</kw>
<kw name="Get Length" library="BuiltIn">
<doc>Returns and logs the length of the given item as an integer.</doc>
<arguments>
<arg>${download}</arg>
</arguments>
<assign>
<var>${size}</var>
</assign>
<msg timestamp="20210604 12:12:36.890" level="INFO">Length is 2076</msg>
<msg timestamp="20210604 12:12:36.890" level="INFO">${size} = 2076</msg>
<status status="PASS" starttime="20210604 12:12:36.889" endtime="20210604 12:12:36.890"></status>
</kw>
<kw name="Log To Console" library="BuiltIn">
<doc>Logs the given message to the console.</doc>
<arguments>
<arg>${download}</arg>
</arguments>
<status status="PASS" starttime="20210604 12:12:36.891" endtime="20210604 12:12:39.416"></status>
</kw>
<kw name="Open Browser" library="Selenium2Library">
<doc>Opens a new browser instance to the optional ``url``.</doc>
<arguments>
<arg>https://www.google.com</arg>
<arg>ff</arg>
</arguments>
<msg timestamp="20210604 12:12:39.418" level="INFO">Opening browser 'ff' to base url 'https://www.google.com'.</msg>
<msg timestamp="20210604 12:12:39.456" level="INFO">Firefox driver log is always forced to to: C:\Users\ssumanth\OneDrive - Hewlett Packard Enterprise\Documents\Projects\Fabrics_Audit_Automation\Version 2\Cards\geckodriver-28.log</msg>
<status status="PASS" starttime="20210604 12:12:39.417" endtime="20210604 12:13:03.387"></status>
</kw>
<kw name="Set Global Variable" library="BuiltIn">
<doc>Makes a variable available globally in all tests and suites.</doc>
<arguments>
<arg>${flag}</arg>
<arg>Bold</arg>
</arguments>
<msg timestamp="20210604 12:13:03.393" level="INFO">${flag} = Bold</msg>
<status status="PASS" starttime="20210604 12:13:03.391" endtime="20210604 12:13:03.394"></status>
</kw>
<kw name="Append To List" library="Collections">
<doc>Adds ``values`` to the end of ``list``.</doc>
<arguments>
<arg>${content}</arg>
<arg>0</arg>
<arg>0</arg>
<arg>Part Number</arg>
<arg>${flag}</arg>
</arguments>
<status status="PASS" starttime="20210604 12:13:03.396" endtime="20210604 12:13:03.398"></status>
</kw>
<kw name="Append To List" library="Collections">
<doc>Adds ``values`` to the end of ``list``.</doc>
<arguments>
<arg>${content}</arg>
<arg>0</arg>
<arg>1</arg>
<arg>Product name</arg>
<arg>${flag}</arg>
</arguments>
<status status="PASS" starttime="20210604 12:13:03.404" endtime="20210604 12:13:03.408"></status>
</kw>
<kw name="Append To List" library="Collections">
<doc>Adds ``values`` to the end of ``list``.</doc>
<arguments>
<arg>${content}</arg>
<arg>0</arg>
<arg>2</arg>
<arg>Date</arg>
<arg>${flag}</arg>
</arguments>
<status status="PASS" starttime="20210604 12:13:03.412" endtime="20210604 12:13:03.414"></status>
</kw>
<kw name="Append To List" library="Collections">
<doc>Adds ``values`` to the end of ``list``.</doc>
<arguments>
<arg>${content}</arg>
<arg>0</arg>
<arg>3</arg>
<arg>Version</arg>
<arg>${flag}</arg>
</arguments>
<status status="PASS" starttime="20210604 12:13:03.416" endtime="20210604 12:13:03.418"></status>
</kw>
<kw name="Append To List" library="Collections">
<doc>Adds ``values`` to the end of ``list``.</doc>
<arguments>
<arg>${content}</arg>
<arg>0</arg>
<arg>4</arg>
<arg>OS</arg>
<arg>${flag}</arg>
</arguments>
<status status="PASS" starttime="20210604 12:13:03.420" endtime="20210604 12:13:03.421"></status>
</kw>
<kw name="Append To List" library="Collections">
<doc>Adds ``values`` to the end of ``list``.</doc>
<arguments>
<arg>${content}</arg>
<arg>0</arg>
<arg>5</arg>
<arg>File Name</arg>
<arg>${flag}</arg>
</arguments>
<status status="PASS" starttime="20210604 12:13:03.422" endtime="20210604 12:13:03.424"></status>
</kw>
<kw name="Append To List" library="Collections">
<doc>Adds ``values`` to the end of ``list``.</doc>
<arguments>
<arg>${content}</arg>
<arg>0</arg>
<arg>6</arg>
<arg>Download Page</arg>
<arg>${flag}</arg>
</arguments>
<status status="PASS" starttime="20210604 12:13:03.425" endtime="20210604 12:13:03.426"></status>
</kw>
<kw name="Append To List" library="Collections">
<doc>Adds ``values`` to the end of ``list``.</doc>
<arguments>
<arg>${content}</arg>
<arg>0</arg>
<arg>7</arg>
<arg>Description</arg>
<arg>${flag}</arg>
</arguments>
<status status="PASS" starttime="20210604 12:13:03.430" endtime="20210604 12:13:03.431"></status>
</kw>
<kw name="Append To List" library="Collections">
<doc>Adds ``values`` to the end of ``list``.</doc>
<arguments>
<arg>${content}</arg>
<arg>0</arg>
<arg>8</arg>
<arg>Severity</arg>
<arg>${flag}</arg>
</arguments>
<status status="PASS" starttime="20210604 12:13:03.432" endtime="20210604 12:13:03.434"></status>
</kw>
<kw name="Set Global Variable" library="BuiltIn">
<doc>Makes a variable available globally in all tests and suites.</doc>
<arguments>
<arg>${flag}</arg>
<arg>False</arg>
</arguments>
<msg timestamp="20210604 12:13:03.442" level="INFO">${flag} = False</msg>
<status status="PASS" starttime="20210604 12:13:03.441" endtime="20210604 12:13:03.442"></status>
</kw>
<kw name="${inc} IN RANGE [ 1 | ${size} ]" type="for">
<kw name="${inc} = 1" type="foritem">
<kw name="Run Keyword And Ignore Error" library="BuiltIn">
<doc>Runs the given keyword with the given arguments and ignores possible error.</doc>
<arguments>
<arg>Test Launch</arg>
<arg>${inc}</arg>
<arg>${download}</arg>
</arguments>
<assign>
<var>${err}</var>
</assign>
<kw name="Test Launch">
<arguments>
<arg>${inc}</arg>
<arg>${download}</arg>
</arguments>
<kw name="Evaluate" library="BuiltIn">
<doc>Evaluates the given expression in Python and returns the result.</doc>
<arguments>
<arg>${inc}-1</arg>
</arguments>
<assign>
<var>${pass_value}</var>
</assign>
<msg timestamp="20210604 12:13:03.451" level="INFO">${pass_value} = 0</msg>
<status status="PASS" starttime="20210604 12:13:03.448" endtime="20210604 12:13:03.451"></status>
</kw>
<kw name="${val} IN RANGE [ 0 | 5 ]" type="for">
<kw name="${val} = 0" type="foritem">
<kw name="Log To Console" library="BuiltIn">
<doc>Logs the given message to the console.</doc>
<arguments>
<arg>${download}[${pass_value}]</arg>
</arguments>
<status status="PASS" starttime="20210604 12:13:03.452" endtime="20210604 12:13:03.455"></status>
</kw>
<kw name="Run Keyword And Ignore Error" library="BuiltIn">
<doc>Runs the given keyword with the given arguments and ignores possible error.</doc>
<arguments>
<arg>go to</arg>
<arg>${download}[${pass_value}]</arg>
</arguments>
<assign>
<var>${err}</var>
</assign>
<kw name="Go To" library="Selenium2Library">
<doc>Navigates the current browser window to the provided ``url``.</doc>
<arguments>
<arg>${download}[${pass_value}]</arg>
</arguments>
<msg timestamp="20210604 12:13:03.457" level="INFO">Opening url 'Download Page'</msg>
<msg timestamp="20210604 12:13:03.679" level="FAIL">InvalidArgumentException: Message: Malformed URL: URL constructor: Download Page is not a valid URL.
</msg>
<status status="FAIL" starttime="20210604 12:13:03.456" endtime="20210604 12:13:03.679"></status>
</kw>
<msg timestamp="20210604 12:13:03.679" level="INFO">${err} = ('FAIL', 'InvalidArgumentException: Message: Malformed URL: URL constructor: Download Page is not a valid URL.\n')</msg>
<status status="PASS" starttime="20210604 12:13:03.455" endtime="20210604 12:13:03.679"></status>
</kw>
<kw name="Run Keyword If" library="BuiltIn">
<doc>Runs the given keyword with the given arguments, if ``condition`` is true.</doc>
<arguments>
<arg>'${download}[${inc}]'==''</arg>
<arg>FAIL</arg>
</arguments>
<status status="PASS" starttime="20210604 12:13:03.679" endtime="20210604 12:13:03.679"></status>
</kw>
<kw name="Sleep" library="BuiltIn">
<doc>Pauses the test executed for the given time.</doc>
<arguments>
<arg>5</arg>
</arguments>
<msg timestamp="20210604 12:13:08.684" level="INFO">Slept 5 seconds</msg>
<status status="PASS" starttime="20210604 12:13:03.683" endtime="20210604 12:13:08.684"></status>
</kw>
<kw name="Run Keyword And Return Status" library="BuiltIn">
<doc>Runs the given keyword with given arguments and returns the status as a Boolean value.</doc>
<arguments>
<arg>Page should contain</arg>
<arg>File name</arg>
</arguments>
<assign>
<var>${stat}</var>
</assign>
<kw name="Page Should Contain" library="Selenium2Library">
<doc>Verifies that current page contains ``text``.</doc>
<arguments>
<arg>File name</arg>
</arguments>
<msg timestamp="20210604 12:13:08.949" level="FAIL">Page should have contained text 'File name' but did not.</msg>
<status status="FAIL" starttime="20210604 12:13:08.687" endtime="20210604 12:13:08.950"></status>
</kw>
<msg timestamp="20210604 12:13:08.951" level="INFO">${stat} = False</msg>
<status status="PASS" starttime="20210604 12:13:08.685" endtime="20210604 12:13:08.952"></status>
</kw>
<kw name="Exit For Loop If" library="BuiltIn">
<doc>Stops executing the enclosing for loop if the ``condition`` is true.</doc>
<arguments>
<arg>${stat}==True</arg>
</arguments>
<status status="PASS" starttime="20210604 12:13:08.954" endtime="20210604 12:13:08.957"></status>
</kw>
<kw name="Close All Browsers" library="Selenium2Library">
<doc>Closes all open browsers and resets the browser cache.</doc>
<status status="PASS" starttime="20210604 12:13:08.959" endtime="20210604 12:13:10.923"></status>
</kw>
<status status="PASS" starttime="20210604 12:13:03.452" endtime="20210604 12:13:10.923"></status>
</kw>
<kw name="${val} = 1" type="foritem">
<kw name="Log To Console" library="BuiltIn">
<doc>Logs the given message to the console.</doc>
<arguments>
<arg>${download}[${pass_value}]</arg>
</arguments>
<status status="FAIL" starttime="20210604 12:13:10.923" endtime="20210604 12:13:10.925"></status>
</kw>
<status status="FAIL" starttime="20210604 12:13:10.923" endtime="20210604 12:13:10.925"></status>
</kw>
<status status="FAIL" starttime="20210604 12:13:03.451" endtime="20210604 12:13:10.925"></status>
</kw>
<status status="FAIL" starttime="20210604 12:13:03.446" endtime="20210604 12:13:10.925"></status>
</kw>
<status status="FAIL" starttime="20210604 12:13:03.446" endtime="20210604 12:13:10.925"></status>
</kw>
<status status="FAIL" starttime="20210604 12:13:03.445" endtime="20210604 12:13:10.926"></status>
</kw>
<status status="FAIL" starttime="20210604 12:13:03.444" endtime="20210604 12:13:10.926"></status>
</kw>
<status status="FAIL" starttime="20210604 12:12:20.222" endtime="20210604 12:13:10.926" critical="yes">Execution terminated by signal</status>
</test>
<status status="FAIL" starttime="20210604 12:12:10.921" endtime="20210604 12:13:10.931"></status>
</suite>
<statistics>
<total>
<stat pass="0" fail="1">Critical Tests</stat>
<stat pass="0" fail="1">All Tests</stat>
</total>
<tag>
</tag>
<suite>
<stat pass="0" fail="1" id="s1" name="Fetch File">Fetch File</stat>
</suite>
</statistics>
<errors>
</errors>
</robot>
