<?xml version="1.0" encoding="UTF-8"?>
<robot generator="Robot 3.2.1 (Python 3.8.1 on win32)" generated="20201014 11:54:56.106" rpa="false">
<suite id="s1" name="Audit Card" source="C:\Users\ssumanth\Desktop\Automation\Fabrics_Audit_Automation\Fabrics_Audit_Automation\Version 2\Cards\audit_card.robot">
<test id="s1-t1" name="Test main">
<kw name="Extract" library="fetch">
<arguments>
<arg>${input_file}</arg>
<arg>0</arg>
</arguments>
<assign>
<var>@{part_numbers}</var>
</assign>
<msg timestamp="20201014 11:55:00.516" level="INFO">@{part_numbers} = [ Part Number | P23664-B21  | P23665-B21  | P23666-B21  | P06154-B21  | P06250-B21  | P06251-B21  | R1E59A | 872726-B21  | P02012-B21  | Q7G90A | 879482-B21  | 825110-B21  | 825111-B21  | 764282-B21  ...</msg>
<status status="PASS" starttime="20201014 11:55:00.484" endtime="20201014 11:55:00.516"></status>
</kw>
<kw name="${part_number} IN [ @{part_numbers} ]" type="for">
<kw name="${part_number} = Part Number" type="foritem">
<kw name="Continue For Loop If" library="BuiltIn">
<doc>Skips the current for loop iteration if the ``condition`` is true.</doc>
<arguments>
<arg>'${part_number}'=='Part Number'</arg>
</arguments>
<msg timestamp="20201014 11:55:00.519" level="INFO">Continuing for loop from the next iteration.</msg>
<status status="PASS" starttime="20201014 11:55:00.517" endtime="20201014 11:55:00.519"></status>
</kw>
<status status="PASS" starttime="20201014 11:55:00.517" endtime="20201014 11:55:00.519"></status>
</kw>
<kw name="${part_number} = P23664-B21 " type="foritem">
<kw name="Continue For Loop If" library="BuiltIn">
<doc>Skips the current for loop iteration if the ``condition`` is true.</doc>
<arguments>
<arg>'${part_number}'=='Part Number'</arg>
</arguments>
<status status="PASS" starttime="20201014 11:55:00.521" endtime="20201014 11:55:00.523"></status>
</kw>
<kw name="Set Global Variable" library="BuiltIn">
<doc>Makes a variable available globally in all tests and suites.</doc>
<arguments>
<arg>${flag}</arg>
<arg>Bold</arg>
</arguments>
<msg timestamp="20201014 11:55:00.524" level="INFO">${flag} = Bold</msg>
<status status="PASS" starttime="20201014 11:55:00.523" endtime="20201014 11:55:00.524"></status>
</kw>
<kw name="Append To List" library="Collections">
<doc>Adds ``values`` to the end of ``list``.</doc>
<arguments>
<arg>${content}</arg>
<arg>0</arg>
<arg>0</arg>
<arg>Part Number</arg>
<arg>${flag}</arg>
</arguments>
<status status="PASS" starttime="20201014 11:55:00.524" endtime="20201014 11:55:00.524"></status>
</kw>
<kw name="Append To List" library="Collections">
<doc>Adds ``values`` to the end of ``list``.</doc>
<arguments>
<arg>${content}</arg>
<arg>0</arg>
<arg>1</arg>
<arg>Product name</arg>
<arg>${flag}</arg>
</arguments>
<status status="PASS" starttime="20201014 11:55:00.525" endtime="20201014 11:55:00.525"></status>
</kw>
<kw name="Append To List" library="Collections">
<doc>Adds ``values`` to the end of ``list``.</doc>
<arguments>
<arg>${content}</arg>
<arg>0</arg>
<arg>2</arg>
<arg>Date</arg>
<arg>${flag}</arg>
</arguments>
<status status="PASS" starttime="20201014 11:55:00.526" endtime="20201014 11:55:00.526"></status>
</kw>
<kw name="Append To List" library="Collections">
<doc>Adds ``values`` to the end of ``list``.</doc>
<arguments>
<arg>${content}</arg>
<arg>0</arg>
<arg>3</arg>
<arg>Version</arg>
<arg>${flag}</arg>
</arguments>
<status status="PASS" starttime="20201014 11:55:00.526" endtime="20201014 11:55:00.527"></status>
</kw>
<kw name="Append To List" library="Collections">
<doc>Adds ``values`` to the end of ``list``.</doc>
<arguments>
<arg>${content}</arg>
<arg>0</arg>
<arg>4</arg>
<arg>OS</arg>
<arg>${flag}</arg>
</arguments>
<status status="PASS" starttime="20201014 11:55:00.527" endtime="20201014 11:55:00.528"></status>
</kw>
<kw name="Append To List" library="Collections">
<doc>Adds ``values`` to the end of ``list``.</doc>
<arguments>
<arg>${content}</arg>
<arg>0</arg>
<arg>5</arg>
<arg>Download Page</arg>
<arg>${flag}</arg>
</arguments>
<status status="PASS" starttime="20201014 11:55:00.529" endtime="20201014 11:55:00.529"></status>
</kw>
<kw name="Append To List" library="Collections">
<doc>Adds ``values`` to the end of ``list``.</doc>
<arguments>
<arg>${content}</arg>
<arg>0</arg>
<arg>6</arg>
<arg>Description</arg>
<arg>${flag}</arg>
</arguments>
<status status="PASS" starttime="20201014 11:55:00.530" endtime="20201014 11:55:00.531"></status>
</kw>
<kw name="Append To List" library="Collections">
<doc>Adds ``values`` to the end of ``list``.</doc>
<arguments>
<arg>${content}</arg>
<arg>0</arg>
<arg>7</arg>
<arg>Severity</arg>
<arg>${flag}</arg>
</arguments>
<status status="PASS" starttime="20201014 11:55:00.532" endtime="20201014 11:55:00.532"></status>
</kw>
<kw name="Set Global Variable" library="BuiltIn">
<doc>Makes a variable available globally in all tests and suites.</doc>
<arguments>
<arg>${flag}</arg>
<arg>False</arg>
</arguments>
<msg timestamp="20201014 11:55:00.534" level="INFO">${flag} = False</msg>
<status status="PASS" starttime="20201014 11:55:00.533" endtime="20201014 11:55:00.534"></status>
</kw>
<kw name="Reach Product Page">
<arguments>
<arg>${part_number}</arg>
</arguments>
<kw name="${trial} IN RANGE [ 0 | 5 ]" type="for">
<kw name="${trial} = 0" type="foritem">
<kw name="Run Keyword And Return Status" library="BuiltIn">
<doc>Runs the given keyword with given arguments and returns the status as a Boolean value.</doc>
<arguments>
<arg>Test launch</arg>
<arg>${part_number}</arg>
</arguments>
<assign>
<var>${status}</var>
</assign>
<kw name="Test launch">
<arguments>
<arg>${part_number}</arg>
</arguments>
<kw name="Open Browser" library="Selenium2Library">
<doc>Opens a new browser instance to the optional ``url``.</doc>
<arguments>
<arg>https://support.hpe.com/hpesc/public/home</arg>
<arg>ff</arg>
</arguments>
<msg timestamp="20201014 11:55:00.540" level="INFO">Opening browser 'ff' to base url 'https://support.hpe.com/hpesc/public/home'.</msg>
<msg timestamp="20201014 11:55:00.545" level="INFO">Firefox driver log is always forced to to: C:\Users\ssumanth\Desktop\Automation\Fabrics_Audit_Automation\Fabrics_Audit_Automation\Version 2\Cards\geckodriver-2.log</msg>
<status status="PASS" starttime="20201014 11:55:00.540" endtime="20201014 11:55:21.788"></status>
</kw>
<kw name="Sleep" library="BuiltIn">
<doc>Pauses the test executed for the given time.</doc>
<arguments>
<arg>10</arg>
</arguments>
<msg timestamp="20201014 11:55:31.794" level="INFO">Slept 10 seconds</msg>
<status status="PASS" starttime="20201014 11:55:21.789" endtime="20201014 11:55:31.794"></status>
</kw>
<kw name="Input Text" library="Selenium2Library">
<doc>Types the given ``text`` into the text field identified by ``locator``.</doc>
<arguments>
<arg>xpath:/html[1]/body[1]/div[1]/div[1]/div[4]/div[1]/div[1]/div[1]/div[2]/div[1]/div[1]/div[1]/div[1]/div[1]/div[2]/div[1]/div[3]/div[3]/div[1]/input[1]</arg>
<arg>${part_number}</arg>
</arguments>
<msg timestamp="20201014 11:55:31.796" level="INFO">Typing text 'P23664-B21 ' into text field 'xpath:/html[1]/body[1]/div[1]/div[1]/div[4]/div[1]/div[1]/div[1]/div[2]/div[1]/div[1]/div[1]/div[1]/div[1]/div[2]/div[1]/div[3]/div[3]/div[1]/input[1]'.</msg>
<status status="PASS" starttime="20201014 11:55:31.795" endtime="20201014 11:55:32.049"></status>
</kw>
<kw name="Click Element" library="Selenium2Library">
<doc>Click the element identified by ``locator``.</doc>
<arguments>
<arg>xpath:/html[1]/body[1]/div[1]/div[1]/div[4]/div[1]/div[1]/div[1]/div[2]/div[1]/div[1]/div[1]/div[1]/div[1]/div[2]/div[1]/div[3]/a[1]/span[1]</arg>
</arguments>
<msg timestamp="20201014 11:55:32.050" level="INFO">Clicking element 'xpath:/html[1]/body[1]/div[1]/div[1]/div[4]/div[1]/div[1]/div[1]/div[2]/div[1]/div[1]/div[1]/div[1]/div[1]/div[2]/div[1]/div[3]/a[1]/span[1]'.</msg>
<status status="PASS" starttime="20201014 11:55:32.049" endtime="20201014 11:55:32.782"></status>
</kw>
<kw name="Wait Until Page Contains" library="Selenium2Library">
<doc>Waits until ``text`` appears on the current page.</doc>
<arguments>
<arg>All dates</arg>
<arg>timeout=1 min</arg>
</arguments>
<msg timestamp="20201014 11:55:46.459" level="FAIL">NoSuchWindowException: Message: Browsing context has been discarded
</msg>
<status status="FAIL" starttime="20201014 11:55:32.782" endtime="20201014 11:55:46.459"></status>
</kw>
<status status="FAIL" starttime="20201014 11:55:00.539" endtime="20201014 11:55:46.459"></status>
</kw>
<msg timestamp="20201014 11:55:46.460" level="INFO">${status} = False</msg>
<status status="PASS" starttime="20201014 11:55:00.538" endtime="20201014 11:55:46.460"></status>
</kw>
<kw name="Exit For Loop If" library="BuiltIn">
<doc>Stops executing the enclosing for loop if the ``condition`` is true.</doc>
<arguments>
<arg>${status}==True</arg>
</arguments>
<status status="PASS" starttime="20201014 11:55:46.460" endtime="20201014 11:55:46.460"></status>
</kw>
<status status="PASS" starttime="20201014 11:55:00.537" endtime="20201014 11:55:46.461"></status>
</kw>
<kw name="${trial} = 1" type="foritem">
<kw name="Run Keyword And Return Status" library="BuiltIn">
<doc>Runs the given keyword with given arguments and returns the status as a Boolean value.</doc>
<arguments>
<arg>Test launch</arg>
<arg>${part_number}</arg>
</arguments>
<assign>
<var>${status}</var>
</assign>
<kw name="Test launch">
<arguments>
<arg>${part_number}</arg>
</arguments>
<kw name="Open Browser" library="Selenium2Library">
<doc>Opens a new browser instance to the optional ``url``.</doc>
<arguments>
<arg>https://support.hpe.com/hpesc/public/home</arg>
<arg>ff</arg>
</arguments>
<msg timestamp="20201014 11:55:46.462" level="INFO">Opening browser 'ff' to base url 'https://support.hpe.com/hpesc/public/home'.</msg>
<msg timestamp="20201014 11:55:46.465" level="INFO">Firefox driver log is always forced to to: C:\Users\ssumanth\Desktop\Automation\Fabrics_Audit_Automation\Fabrics_Audit_Automation\Version 2\Cards\geckodriver-3.log</msg>
<status status="FAIL" starttime="20201014 11:55:46.462" endtime="20201014 11:55:47.509"></status>
</kw>
<status status="FAIL" starttime="20201014 11:55:46.461" endtime="20201014 11:55:47.510"></status>
</kw>
<status status="FAIL" starttime="20201014 11:55:46.461" endtime="20201014 11:55:47.510"></status>
</kw>
<status status="FAIL" starttime="20201014 11:55:46.461" endtime="20201014 11:55:47.510"></status>
</kw>
<status status="FAIL" starttime="20201014 11:55:00.536" endtime="20201014 11:55:47.510"></status>
</kw>
<status status="FAIL" starttime="20201014 11:55:00.535" endtime="20201014 11:55:47.511"></status>
</kw>
<status status="FAIL" starttime="20201014 11:55:00.520" endtime="20201014 11:55:47.511"></status>
</kw>
<status status="FAIL" starttime="20201014 11:55:00.516" endtime="20201014 11:55:47.511"></status>
</kw>
<status status="FAIL" starttime="20201014 11:55:00.482" endtime="20201014 11:55:47.512" critical="yes">Execution terminated by signal</status>
</test>
<status status="FAIL" starttime="20201014 11:54:56.111" endtime="20201014 11:55:47.514"></status>
</suite>
<statistics>
<total>
<stat pass="0" fail="1">Critical Tests</stat>
<stat pass="0" fail="1">All Tests</stat>
</total>
<tag>
</tag>
<suite>
<stat pass="0" fail="1" id="s1" name="Audit Card">Audit Card</stat>
</suite>
</statistics>
<errors>
</errors>
</robot>
