<?xml version="1.0" encoding="UTF-8"?>
<robot generator="Robot 3.2.1 (Python 3.8.1 on win32)" generated="20201008 16:28:38.653" rpa="false">
<suite id="s1" name="Audit Card" source="C:\Users\ssumanth\Desktop\Automation\Fabrics_Audit_Automation\Fabrics_Audit_Automation\Version 2\Cards\audit_card.robot">
<test id="s1-t1" name="Test main">
<kw name="Extract" library="fetch">
<arguments>
<arg>${input_file}</arg>
<arg>0</arg>
</arguments>
<assign>
<var>@{conf_lines}</var>
</assign>
<msg timestamp="20201008 16:28:44.314" level="INFO">@{conf_lines} = [ Part Number | P23664-B21  | P23665-B21  | P23666-B21  | P06154-B21  | P06250-B21  | P06251-B21  | R1E59A | 872726-B21  | P02012-B21  | Q7G90A | 879482-B21  | 825110-B21  | 825111-B21  | 764282-B21  ...</msg>
<status status="PASS" starttime="20201008 16:28:44.291" endtime="20201008 16:28:44.314"></status>
</kw>
<kw name="${part_number} IN [ @{conf_lines} ]" type="for">
<kw name="${part_number} = Part Number" type="foritem">
<kw name="Continue For Loop If" library="BuiltIn">
<doc>Skips the current for loop iteration if the ``condition`` is true.</doc>
<arguments>
<arg>'${part_number}'=='Part Number'</arg>
</arguments>
<msg timestamp="20201008 16:28:44.317" level="INFO">Continuing for loop from the next iteration.</msg>
<status status="PASS" starttime="20201008 16:28:44.316" endtime="20201008 16:28:44.317"></status>
</kw>
<status status="PASS" starttime="20201008 16:28:44.316" endtime="20201008 16:28:44.317"></status>
</kw>
<kw name="${part_number} = P23664-B21 " type="foritem">
<kw name="Continue For Loop If" library="BuiltIn">
<doc>Skips the current for loop iteration if the ``condition`` is true.</doc>
<arguments>
<arg>'${part_number}'=='Part Number'</arg>
</arguments>
<status status="PASS" starttime="20201008 16:28:44.317" endtime="20201008 16:28:44.318"></status>
</kw>
<kw name="Set Global Variable" library="BuiltIn">
<doc>Makes a variable available globally in all tests and suites.</doc>
<arguments>
<arg>${flag}</arg>
<arg>Bold</arg>
</arguments>
<msg timestamp="20201008 16:28:44.319" level="INFO">${flag} = Bold</msg>
<status status="PASS" starttime="20201008 16:28:44.318" endtime="20201008 16:28:44.319"></status>
</kw>
<kw name="Append To List" library="Collections">
<doc>Adds ``values`` to the end of ``list``.</doc>
<arguments>
<arg>${content}</arg>
<arg>0</arg>
<arg>0</arg>
<arg>Part Number</arg>
<arg>${flag}</arg>
</arguments>
<status status="PASS" starttime="20201008 16:28:44.319" endtime="20201008 16:28:44.320"></status>
</kw>
<kw name="Append To List" library="Collections">
<doc>Adds ``values`` to the end of ``list``.</doc>
<arguments>
<arg>${content}</arg>
<arg>0</arg>
<arg>1</arg>
<arg>Product name</arg>
<arg>${flag}</arg>
</arguments>
<status status="PASS" starttime="20201008 16:28:44.320" endtime="20201008 16:28:44.320"></status>
</kw>
<kw name="Append To List" library="Collections">
<doc>Adds ``values`` to the end of ``list``.</doc>
<arguments>
<arg>${content}</arg>
<arg>0</arg>
<arg>2</arg>
<arg>Date</arg>
<arg>${flag}</arg>
</arguments>
<status status="PASS" starttime="20201008 16:28:44.321" endtime="20201008 16:28:44.321"></status>
</kw>
<kw name="Append To List" library="Collections">
<doc>Adds ``values`` to the end of ``list``.</doc>
<arguments>
<arg>${content}</arg>
<arg>0</arg>
<arg>3</arg>
<arg>Version</arg>
<arg>${flag}</arg>
</arguments>
<status status="PASS" starttime="20201008 16:28:44.321" endtime="20201008 16:28:44.322"></status>
</kw>
<kw name="Append To List" library="Collections">
<doc>Adds ``values`` to the end of ``list``.</doc>
<arguments>
<arg>${content}</arg>
<arg>0</arg>
<arg>4</arg>
<arg>OS</arg>
<arg>${flag}</arg>
</arguments>
<status status="PASS" starttime="20201008 16:28:44.322" endtime="20201008 16:28:44.323"></status>
</kw>
<kw name="Append To List" library="Collections">
<doc>Adds ``values`` to the end of ``list``.</doc>
<arguments>
<arg>${content}</arg>
<arg>0</arg>
<arg>5</arg>
<arg>Download Page</arg>
<arg>${flag}</arg>
</arguments>
<status status="PASS" starttime="20201008 16:28:44.323" endtime="20201008 16:28:44.323"></status>
</kw>
<kw name="Append To List" library="Collections">
<doc>Adds ``values`` to the end of ``list``.</doc>
<arguments>
<arg>${content}</arg>
<arg>0</arg>
<arg>6</arg>
<arg>Description</arg>
<arg>${flag}</arg>
</arguments>
<status status="PASS" starttime="20201008 16:28:44.324" endtime="20201008 16:28:44.324"></status>
</kw>
<kw name="Append To List" library="Collections">
<doc>Adds ``values`` to the end of ``list``.</doc>
<arguments>
<arg>${content}</arg>
<arg>0</arg>
<arg>7</arg>
<arg>Severity</arg>
<arg>${flag}</arg>
</arguments>
<status status="PASS" starttime="20201008 16:28:44.324" endtime="20201008 16:28:44.325"></status>
</kw>
<kw name="Set Global Variable" library="BuiltIn">
<doc>Makes a variable available globally in all tests and suites.</doc>
<arguments>
<arg>${flag}</arg>
<arg>False</arg>
</arguments>
<msg timestamp="20201008 16:28:44.327" level="INFO">${flag} = False</msg>
<status status="PASS" starttime="20201008 16:28:44.326" endtime="20201008 16:28:44.327"></status>
</kw>
<kw name="Make Excel File" library="new_file">
<arguments>
<arg>output.xlsx</arg>
</arguments>
<status status="PASS" starttime="20201008 16:28:44.327" endtime="20201008 16:28:44.348"></status>
</kw>
<kw name="launch">
<arguments>
<arg>${part_number}</arg>
</arguments>
<kw name="${trial} IN RANGE [ 0 | 5 ]" type="for">
<kw name="${trial} = 0" type="foritem">
<kw name="Run Keyword And Return Status" library="BuiltIn">
<doc>Runs the given keyword with given arguments and returns the status as a Boolean value.</doc>
<arguments>
<arg>Test try</arg>
<arg>${part_number}</arg>
</arguments>
<assign>
<var>${status}</var>
</assign>
<kw name="Test try">
<arguments>
<arg>${part_number}</arg>
</arguments>
<kw name="Open Browser" library="Selenium2Library">
<doc>Opens a new browser instance to the optional ``url``.</doc>
<arguments>
<arg>https://support.hpe.com/hpesc/public/home</arg>
<arg>ff</arg>
</arguments>
<msg timestamp="20201008 16:28:44.353" level="INFO">Opening browser 'ff' to base url 'https://support.hpe.com/hpesc/public/home'.</msg>
<msg timestamp="20201008 16:28:44.357" level="INFO">Firefox driver log is always forced to to: C:\Users\ssumanth\Desktop\Automation\Fabrics_Audit_Automation\Fabrics_Audit_Automation\Version 2\Cards\geckodriver-1.log</msg>
<status status="FAIL" starttime="20201008 16:28:44.352" endtime="20201008 16:28:46.508"></status>
</kw>
<status status="FAIL" starttime="20201008 16:28:44.351" endtime="20201008 16:28:46.508"></status>
</kw>
<status status="FAIL" starttime="20201008 16:28:44.351" endtime="20201008 16:28:46.508"></status>
</kw>
<status status="FAIL" starttime="20201008 16:28:44.350" endtime="20201008 16:28:46.508"></status>
</kw>
<status status="FAIL" starttime="20201008 16:28:44.350" endtime="20201008 16:28:46.508"></status>
</kw>
<status status="FAIL" starttime="20201008 16:28:44.349" endtime="20201008 16:28:46.509"></status>
</kw>
<status status="FAIL" starttime="20201008 16:28:44.317" endtime="20201008 16:28:46.509"></status>
</kw>
<status status="FAIL" starttime="20201008 16:28:44.315" endtime="20201008 16:28:46.509"></status>
</kw>
<status status="FAIL" starttime="20201008 16:28:44.289" endtime="20201008 16:28:46.509" critical="yes">Execution terminated by signal</status>
</test>
<status status="FAIL" starttime="20201008 16:28:38.660" endtime="20201008 16:28:46.522"></status>
</suite>
<statistics>
<total>
<stat pass="0" fail="1">Critical Tests</stat>
<stat pass="0" fail="1">All Tests</stat>
</total>
<tag>
</tag>
<suite>
<stat pass="0" fail="1" id="s1" name="Audit Card">Audit Card</stat>
</suite>
</statistics>
<errors>
<msg timestamp="20201008 16:28:38.861" level="WARN">Imported library 'C:\Users\ssumanth\Desktop\Automation\Fabrics_Audit_Automation\Fabrics_Audit_Automation\Version 2\Cards\Python_files\CreateExcelFile.py' contains no keywords.</msg>
</errors>
</robot>
