<?xml version="1.0" encoding="UTF-8"?>
<robot generator="Robot 3.2.1 (Python 3.8.1 on win32)" generated="20201013 13:20:01.627" rpa="false">
<suite id="s1" name="Audit Card" source="C:\Users\ssumanth\Desktop\Automation\Fabrics_Audit_Automation\Fabrics_Audit_Automation\Version 2\Cards\audit_card.robot">
<test id="s1-t1" name="Test main">
<kw name="Extract" library="fetch">
<arguments>
<arg>${input_file}</arg>
<arg>0</arg>
</arguments>
<assign>
<var>@{part_numbers}</var>
</assign>
<msg timestamp="20201013 13:20:05.144" level="INFO">@{part_numbers} = [ Part Number | P23664-B21  | P23665-B21  | P23666-B21  | P06154-B21  | P06250-B21  | P06251-B21  | R1E59A | 872726-B21  | P02012-B21  | Q7G90A | 879482-B21  | 825110-B21  | 825111-B21  | 764282-B21  ...</msg>
<status status="PASS" starttime="20201013 13:20:05.136" endtime="20201013 13:20:05.144"></status>
</kw>
<kw name="${part_number} IN [ @{part_numbers} ]" type="for">
<kw name="${part_number} = Part Number" type="foritem">
<kw name="Continue For Loop If" library="BuiltIn">
<doc>Skips the current for loop iteration if the ``condition`` is true.</doc>
<arguments>
<arg>'${part_number}'=='Part Number'</arg>
</arguments>
<msg timestamp="20201013 13:20:05.154" level="INFO">Continuing for loop from the next iteration.</msg>
<status status="PASS" starttime="20201013 13:20:05.153" endtime="20201013 13:20:05.154"></status>
</kw>
<status status="PASS" starttime="20201013 13:20:05.152" endtime="20201013 13:20:05.154"></status>
</kw>
<kw name="${part_number} = P23664-B21 " type="foritem">
<kw name="Continue For Loop If" library="BuiltIn">
<doc>Skips the current for loop iteration if the ``condition`` is true.</doc>
<arguments>
<arg>'${part_number}'=='Part Number'</arg>
</arguments>
<status status="PASS" starttime="20201013 13:20:05.154" endtime="20201013 13:20:05.154"></status>
</kw>
<kw name="Set Global Variable" library="BuiltIn">
<doc>Makes a variable available globally in all tests and suites.</doc>
<arguments>
<arg>${flag}</arg>
<arg>Bold</arg>
</arguments>
<msg timestamp="20201013 13:20:05.155" level="INFO">${flag} = Bold</msg>
<status status="PASS" starttime="20201013 13:20:05.155" endtime="20201013 13:20:05.155"></status>
</kw>
<kw name="Append To List" library="Collections">
<doc>Adds ``values`` to the end of ``list``.</doc>
<arguments>
<arg>${content}</arg>
<arg>0</arg>
<arg>0</arg>
<arg>Part Number</arg>
<arg>${flag}</arg>
</arguments>
<status status="PASS" starttime="20201013 13:20:05.156" endtime="20201013 13:20:05.156"></status>
</kw>
<kw name="Append To List" library="Collections">
<doc>Adds ``values`` to the end of ``list``.</doc>
<arguments>
<arg>${content}</arg>
<arg>0</arg>
<arg>1</arg>
<arg>Product name</arg>
<arg>${flag}</arg>
</arguments>
<status status="PASS" starttime="20201013 13:20:05.156" endtime="20201013 13:20:05.157"></status>
</kw>
<kw name="Append To List" library="Collections">
<doc>Adds ``values`` to the end of ``list``.</doc>
<arguments>
<arg>${content}</arg>
<arg>0</arg>
<arg>2</arg>
<arg>Date</arg>
<arg>${flag}</arg>
</arguments>
<status status="PASS" starttime="20201013 13:20:05.157" endtime="20201013 13:20:05.157"></status>
</kw>
<kw name="Append To List" library="Collections">
<doc>Adds ``values`` to the end of ``list``.</doc>
<arguments>
<arg>${content}</arg>
<arg>0</arg>
<arg>3</arg>
<arg>Version</arg>
<arg>${flag}</arg>
</arguments>
<status status="PASS" starttime="20201013 13:20:05.157" endtime="20201013 13:20:05.157"></status>
</kw>
<kw name="Append To List" library="Collections">
<doc>Adds ``values`` to the end of ``list``.</doc>
<arguments>
<arg>${content}</arg>
<arg>0</arg>
<arg>4</arg>
<arg>OS</arg>
<arg>${flag}</arg>
</arguments>
<status status="PASS" starttime="20201013 13:20:05.157" endtime="20201013 13:20:05.158"></status>
</kw>
<kw name="Append To List" library="Collections">
<doc>Adds ``values`` to the end of ``list``.</doc>
<arguments>
<arg>${content}</arg>
<arg>0</arg>
<arg>5</arg>
<arg>Download Page</arg>
<arg>${flag}</arg>
</arguments>
<status status="PASS" starttime="20201013 13:20:05.158" endtime="20201013 13:20:05.158"></status>
</kw>
<kw name="Append To List" library="Collections">
<doc>Adds ``values`` to the end of ``list``.</doc>
<arguments>
<arg>${content}</arg>
<arg>0</arg>
<arg>6</arg>
<arg>Description</arg>
<arg>${flag}</arg>
</arguments>
<status status="PASS" starttime="20201013 13:20:05.158" endtime="20201013 13:20:05.158"></status>
</kw>
<kw name="Append To List" library="Collections">
<doc>Adds ``values`` to the end of ``list``.</doc>
<arguments>
<arg>${content}</arg>
<arg>0</arg>
<arg>7</arg>
<arg>Severity</arg>
<arg>${flag}</arg>
</arguments>
<status status="PASS" starttime="20201013 13:20:05.159" endtime="20201013 13:20:05.159"></status>
</kw>
<kw name="Set Global Variable" library="BuiltIn">
<doc>Makes a variable available globally in all tests and suites.</doc>
<arguments>
<arg>${flag}</arg>
<arg>False</arg>
</arguments>
<msg timestamp="20201013 13:20:05.160" level="INFO">${flag} = False</msg>
<status status="PASS" starttime="20201013 13:20:05.159" endtime="20201013 13:20:05.160"></status>
</kw>
<kw name="Reach Product Page">
<arguments>
<arg>${part_number}</arg>
</arguments>
<kw name="${trial} IN RANGE [ 0 | 5 ]" type="for">
<kw name="${trial} = 0" type="foritem">
<kw name="Run Keyword And Return Status" library="BuiltIn">
<doc>Runs the given keyword with given arguments and returns the status as a Boolean value.</doc>
<arguments>
<arg>Test launch</arg>
<arg>${part_number}</arg>
</arguments>
<assign>
<var>${status}</var>
</assign>
<kw name="Test launch">
<arguments>
<arg>${part_number}</arg>
</arguments>
<kw name="Open Browser" library="Selenium2Library">
<doc>Opens a new browser instance to the optional ``url``.</doc>
<arguments>
<arg>https://support.hpe.com/hpesc/public/home</arg>
<arg>ff</arg>
</arguments>
<msg timestamp="20201013 13:20:05.162" level="INFO">Opening browser 'ff' to base url 'https://support.hpe.com/hpesc/public/home'.</msg>
<msg timestamp="20201013 13:20:05.166" level="INFO">Firefox driver log is always forced to to: C:\Users\ssumanth\Desktop\Automation\Fabrics_Audit_Automation\Fabrics_Audit_Automation\Version 2\Cards\geckodriver-3.log</msg>
<status status="PASS" starttime="20201013 13:20:05.162" endtime="20201013 13:20:14.210"></status>
</kw>
<kw name="Sleep" library="BuiltIn">
<doc>Pauses the test executed for the given time.</doc>
<arguments>
<arg>10</arg>
</arguments>
<status status="FAIL" starttime="20201013 13:20:14.212" endtime="20201013 13:20:15.520"></status>
</kw>
<status status="FAIL" starttime="20201013 13:20:05.161" endtime="20201013 13:20:15.520"></status>
</kw>
<status status="FAIL" starttime="20201013 13:20:05.161" endtime="20201013 13:20:15.520"></status>
</kw>
<status status="FAIL" starttime="20201013 13:20:05.161" endtime="20201013 13:20:15.520"></status>
</kw>
<status status="FAIL" starttime="20201013 13:20:05.160" endtime="20201013 13:20:15.521"></status>
</kw>
<status status="FAIL" starttime="20201013 13:20:05.160" endtime="20201013 13:20:15.521"></status>
</kw>
<status status="FAIL" starttime="20201013 13:20:05.154" endtime="20201013 13:20:15.521"></status>
</kw>
<status status="FAIL" starttime="20201013 13:20:05.152" endtime="20201013 13:20:15.521"></status>
</kw>
<status status="FAIL" starttime="20201013 13:20:05.134" endtime="20201013 13:20:15.527" critical="yes">Execution terminated by signal</status>
</test>
<status status="FAIL" starttime="20201013 13:20:01.631" endtime="20201013 13:20:15.530"></status>
</suite>
<statistics>
<total>
<stat pass="0" fail="1">Critical Tests</stat>
<stat pass="0" fail="1">All Tests</stat>
</total>
<tag>
</tag>
<suite>
<stat pass="0" fail="1" id="s1" name="Audit Card">Audit Card</stat>
</suite>
</statistics>
<errors>
<msg timestamp="20201013 13:20:01.750" level="WARN">Imported library 'C:\Users\ssumanth\Desktop\Automation\Fabrics_Audit_Automation\Fabrics_Audit_Automation\Version 2\Cards\Python_files\CreateExcelFile.py' contains no keywords.</msg>
</errors>
</robot>
