<?xml version="1.0" encoding="UTF-8"?>
<robot generator="Robot 3.2.1 (Python 3.8.1 on win32)" generated="20201007 15:49:58.444" rpa="false">
<suite id="s1" name="Fetch File" source="C:\Users\ssumanth\Desktop\Automation\Fabrics_Audit_Automation\Version 2\Cards\fetch_file.robot">
<test id="s1-t1" name="Test main">
<kw name="Get File" library="OperatingSystem">
<doc>Returns the contents of a specified file.</doc>
<arguments>
<arg>config.txt</arg>
<arg>encoding=UTF-8</arg>
</arguments>
<assign>
<var>${out_file}</var>
</assign>
<msg timestamp="20201007 15:50:03.227" level="INFO" html="yes">Getting file '&lt;a href="file://C:\Users\ssumanth\Desktop\Automation\Fabrics_Audit_Automation\Version 2\Cards\config.txt"&gt;C:\Users\ssumanth\Desktop\Automation\Fabrics_Audit_Automation\Version 2\Cards\config.txt&lt;/a&gt;'.</msg>
<msg timestamp="20201007 15:50:03.229" level="INFO">${out_file} = output_path= C:\Users\ssumanth\Desktop\Audit_report
</msg>
<status status="PASS" starttime="20201007 15:50:03.226" endtime="20201007 15:50:03.229"></status>
</kw>
<kw name="Split To Lines" library="String">
<doc>Splits the given string to lines.</doc>
<arguments>
<arg>${out_file}</arg>
</arguments>
<assign>
<var>@{out_lines}</var>
</assign>
<msg timestamp="20201007 15:50:03.231" level="INFO">1 lines returned</msg>
<msg timestamp="20201007 15:50:03.231" level="INFO">@{out_lines} = [ output_path= C:\Users\ssumanth\Desktop\Audit_report ]</msg>
<status status="PASS" starttime="20201007 15:50:03.229" endtime="20201007 15:50:03.231"></status>
</kw>
<kw name="${out_elem} IN [ @{out_lines} ]" type="for">
<msg timestamp="20201007 15:50:03.232" level="WARN">Error in file 'C:\Users\ssumanth\Desktop\Automation\Fabrics_Audit_Automation\Version 2\Cards\fetch_file.robot' in FOR loop starting on line 22: For loop header ':For' is deprecated. Use 'FOR' instead.</msg>
<msg timestamp="20201007 15:50:03.238" level="WARN">Error in file 'C:\Users\ssumanth\Desktop\Automation\Fabrics_Audit_Automation\Version 2\Cards\fetch_file.robot' in FOR loop starting on line 22: Marking for loop body with '\' is deprecated. Remove markers and use 'END' instead.</msg>
<kw name="${out_elem} = output_path= C:\Users\ssumanth\Desktop\Audit_report" type="foritem">
<kw name="Split String" library="String">
<doc>Splits the ``string`` using ``separator`` as a delimiter string.</doc>
<arguments>
<arg>${out_elem}</arg>
<arg>${SPACE}</arg>
</arguments>
<assign>
<var>@{out_words}</var>
</assign>
<msg timestamp="20201007 15:50:03.242" level="INFO">@{out_words} = [ output_path= | C:\Users\ssumanth\Desktop\Audit_report ]</msg>
<status status="PASS" starttime="20201007 15:50:03.241" endtime="20201007 15:50:03.242"></status>
</kw>
<kw name="Run Keyword If" library="BuiltIn">
<doc>Runs the given keyword with the given arguments, if ``condition`` is true.</doc>
<arguments>
<arg>'@{out_words}[0]'=='output_path='</arg>
<arg>set global variable</arg>
<arg>${output_file}</arg>
<arg>@{out_words}[1]</arg>
</arguments>
<msg timestamp="20201007 15:50:03.242" level="WARN">Accessing variable items using '@{out_words}[0]' syntax is deprecated. Use '${out_words}[0]' instead.</msg>
<kw name="Set Global Variable" library="BuiltIn">
<doc>Makes a variable available globally in all tests and suites.</doc>
<arguments>
<arg>${output_file}</arg>
<arg>@{out_words}[1]</arg>
</arguments>
<msg timestamp="20201007 15:50:03.245" level="WARN">Accessing variable items using '@{out_words}[1]' syntax is deprecated. Use '${out_words}[1]' instead.</msg>
<msg timestamp="20201007 15:50:03.247" level="INFO">${output_file} = C:\Users\ssumanth\Desktop\Audit_report</msg>
<status status="PASS" starttime="20201007 15:50:03.244" endtime="20201007 15:50:03.247"></status>
</kw>
<status status="PASS" starttime="20201007 15:50:03.242" endtime="20201007 15:50:03.247"></status>
</kw>
<status status="PASS" starttime="20201007 15:50:03.241" endtime="20201007 15:50:03.247"></status>
</kw>
<status status="PASS" starttime="20201007 15:50:03.232" endtime="20201007 15:50:03.247"></status>
</kw>
<kw name="Log To Console" library="BuiltIn">
<doc>Logs the given message to the console.</doc>
<arguments>
<arg>${output_file}</arg>
</arguments>
<status status="PASS" starttime="20201007 15:50:03.248" endtime="20201007 15:50:03.249"></status>
</kw>
<kw name="Set Global Variable" library="BuiltIn">
<doc>Makes a variable available globally in all tests and suites.</doc>
<arguments>
<arg>${pass_file}</arg>
<arg>${output_file}\\Audit_${day}\\Audit_report_consolidated_${day}.xlsx</arg>
</arguments>
<msg timestamp="20201007 15:50:03.250" level="INFO">${pass_file} = C:\Users\ssumanth\Desktop\Audit_report\Audit_10-07-2020_15-44-29\Audit_report_consolidated_10-07-2020_15-44-29.xlsx</msg>
<status status="PASS" starttime="20201007 15:50:03.249" endtime="20201007 15:50:03.250"></status>
</kw>
<kw name="Start Process" library="Process">
<doc>Starts a new process on background.</doc>
<arguments>
<arg>python</arg>
<arg>Python_files\\unique_products.py</arg>
<arg>${pass_file}</arg>
<arg>${output_file}</arg>
<arg>${day}</arg>
</arguments>
<msg timestamp="20201007 15:50:03.252" level="INFO">Starting process:
python Python_files\unique_products.py C:\Users\ssumanth\Desktop\Audit_report\Audit_10-07-2020_15-44-29\Audit_report_consolidated_10-07-2020_15-44-29.xlsx C:\Users\ssumanth\Desktop\Audit_report 10-07-2020_15-44-29</msg>
<status status="PASS" starttime="20201007 15:50:03.251" endtime="20201007 15:50:03.282"></status>
</kw>
<kw name="Sleep" library="BuiltIn">
<doc>Pauses the test executed for the given time.</doc>
<arguments>
<arg>10</arg>
</arguments>
<msg timestamp="20201007 15:50:13.283" level="INFO">Slept 10 seconds</msg>
<status status="PASS" starttime="20201007 15:50:03.283" endtime="20201007 15:50:13.283"></status>
</kw>
<kw name="Set Global Variable" library="BuiltIn">
<doc>Makes a variable available globally in all tests and suites.</doc>
<arguments>
<arg>${input_file}</arg>
<arg>${output_file}\\Audit_${day}\\Audit_report_unique_${day}.xlsx</arg>
</arguments>
<msg timestamp="20201007 15:50:13.285" level="INFO">${input_file} = C:\Users\ssumanth\Desktop\Audit_report\Audit_10-07-2020_15-44-29\Audit_report_unique_10-07-2020_15-44-29.xlsx</msg>
<status status="PASS" starttime="20201007 15:50:13.284" endtime="20201007 15:50:13.285"></status>
</kw>
<kw name="Extract" library="fetch">
<arguments>
<arg>${input_file}</arg>
<arg>0</arg>
</arguments>
<assign>
<var>@{part}</var>
</assign>
<msg timestamp="20201007 15:50:13.306" level="INFO">@{part} = [ Part Number | P23664-B21  | P23664-B21  | P23664-B21  | P23664-B21  | P23664-B21  | P23664-B21  | P23664-B21  | P23664-B21  | P23664-B21  | P23664-B21  | P23664-B21  | P23664-B21  | P23664-B21  | P2...</msg>
<status status="PASS" starttime="20201007 15:50:13.286" endtime="20201007 15:50:13.306"></status>
</kw>
<kw name="Extract" library="fetch">
<arguments>
<arg>${input_file}</arg>
<arg>1</arg>
</arguments>
<assign>
<var>@{product}</var>
</assign>
<msg timestamp="20201007 15:50:13.321" level="INFO">@{product} = [ Product name | * RECOMMENDED * Mellanox InfiniBand and Ethernet Driver (OFED) [Connect-x4 and above] for SuSE Linux Enterprise Server 12 Service Pack 5 | * RECOMMENDED * Mellanox InfiniBand and Ethe...</msg>
<status status="PASS" starttime="20201007 15:50:13.307" endtime="20201007 15:50:13.321"></status>
</kw>
<kw name="Extract" library="fetch">
<arguments>
<arg>${input_file}</arg>
<arg>2</arg>
</arguments>
<assign>
<var>@{date}</var>
</assign>
<msg timestamp="20201007 15:50:13.335" level="INFO">@{date} = [ Date | Sep 24, 2020 | Sep 24, 2020 | Sep 24, 2020 | Sep 24, 2020 | Sep 24, 2020 | Sep 24, 2020 | Sep 24, 2020 | Sep 24, 2020 | Sep 24, 2020 | Sep 24, 2020 | Sep 24, 2020 | Sep 24, 2020 | Sep 24, 202...</msg>
<status status="PASS" starttime="20201007 15:50:13.321" endtime="20201007 15:50:13.335"></status>
</kw>
<kw name="Extract" library="fetch">
<arguments>
<arg>${input_file}</arg>
<arg>3</arg>
</arguments>
<assign>
<var>@{version}</var>
</assign>
<msg timestamp="20201007 15:50:13.351" level="INFO">@{version} = [ Version | Driver | Network | 5.1-2.3.7.1 | Driver | Network | 5.1-2.3.7.1 | Driver | Network | 5.1-2.3.7.1 | Driver | Network | 5.1-2.3.7.1 | Driver | Network | 5.1-2.3.7.1 | Driver | Network | 5.1-...</msg>
<status status="PASS" starttime="20201007 15:50:13.337" endtime="20201007 15:50:13.352"></status>
</kw>
<kw name="Extract" library="fetch">
<arguments>
<arg>${input_file}</arg>
<arg>4</arg>
</arguments>
<assign>
<var>@{os}</var>
</assign>
<msg timestamp="20201007 15:50:13.367" level="INFO">@{os} = [ OS | SUSE Linux Enterprise Server 12 | Red Hat Enterprise Linux 7 Server | Red Hat Enterprise Linux 7 Server | Red Hat Enterprise Linux 8 Server | SUSE Linux Enterprise Server 15 | SUSE Linux Enterp...</msg>
<status status="PASS" starttime="20201007 15:50:13.353" endtime="20201007 15:50:13.367"></status>
</kw>
<kw name="Extract" library="fetch">
<arguments>
<arg>${input_file}</arg>
<arg>5</arg>
</arguments>
<assign>
<var>@{download}</var>
</assign>
<msg timestamp="20201007 15:50:13.382" level="INFO">@{download} = [ Download Page | https://support.hpe.com/hpsc/swd/public/detail?swItemId=MTX_d1b0dd844c394fa187fb747f06 | https://support.hpe.com/hpsc/swd/public/detail?swItemId=MTX_981726e3858e4928a52e747bb8 | http...</msg>
<status status="PASS" starttime="20201007 15:50:13.368" endtime="20201007 15:50:13.382"></status>
</kw>
<kw name="Extract" library="fetch">
<arguments>
<arg>${input_file}</arg>
<arg>6</arg>
</arguments>
<assign>
<var>@{description}</var>
</assign>
<msg timestamp="20201007 15:50:13.397" level="INFO">@{description} = [ Description | VPI (Virtual Protocol Interconnect) driver for use with SUSE Linux Enterprise Server 12 Service Pack 5 | VPI (Virtual Protocol Interconnect) driver for use with Red Hat Enterprise Linu...</msg>
<status status="PASS" starttime="20201007 15:50:13.383" endtime="20201007 15:50:13.398"></status>
</kw>
<kw name="Extract" library="fetch">
<arguments>
<arg>${input_file}</arg>
<arg>7</arg>
</arguments>
<assign>
<var>@{severity}</var>
</assign>
<msg timestamp="20201007 15:50:13.412" level="INFO">@{severity} = [ Severity | Recommended | Recommended | Recommended | Recommended | Recommended | Recommended | Recommended | Recommended | Recommended | Recommended | Recommended | Recommended | Recommended | Recom...</msg>
<status status="PASS" starttime="20201007 15:50:13.398" endtime="20201007 15:50:13.412"></status>
</kw>
<kw name="Get Length" library="BuiltIn">
<doc>Returns and logs the length of the given item as an integer.</doc>
<arguments>
<arg>${download}</arg>
</arguments>
<assign>
<var>${size}</var>
</assign>
<msg timestamp="20201007 15:50:13.413" level="INFO">Length is 47</msg>
<msg timestamp="20201007 15:50:13.414" level="INFO">${size} = 47</msg>
<status status="PASS" starttime="20201007 15:50:13.413" endtime="20201007 15:50:13.414"></status>
</kw>
<kw name="Log To Console" library="BuiltIn">
<doc>Logs the given message to the console.</doc>
<arguments>
<arg>${size}</arg>
</arguments>
<status status="PASS" starttime="20201007 15:50:13.414" endtime="20201007 15:50:13.415"></status>
</kw>
<kw name="Open Browser" library="Selenium2Library">
<doc>Opens a new browser instance to the optional ``url``.</doc>
<arguments>
<arg>https://www.google.com</arg>
<arg>ff</arg>
</arguments>
<msg timestamp="20201007 15:50:13.416" level="INFO">Opening browser 'ff' to base url 'https://www.google.com'.</msg>
<msg timestamp="20201007 15:50:13.433" level="INFO">Firefox driver log is always forced to to: C:\Users\ssumanth\Desktop\Automation\Fabrics_Audit_Automation\Version 2\Cards\geckodriver-37.log</msg>
<status status="PASS" starttime="20201007 15:50:13.416" endtime="20201007 15:50:26.970"></status>
</kw>
<kw name="Set Global Variable" library="BuiltIn">
<doc>Makes a variable available globally in all tests and suites.</doc>
<arguments>
<arg>${flag}</arg>
<arg>Bold</arg>
</arguments>
<msg timestamp="20201007 15:50:26.979" level="INFO">${flag} = Bold</msg>
<status status="PASS" starttime="20201007 15:50:26.978" endtime="20201007 15:50:26.979"></status>
</kw>
<kw name="Append To List" library="Collections">
<doc>Adds ``values`` to the end of ``list``.</doc>
<arguments>
<arg>${content}</arg>
<arg>0</arg>
<arg>0</arg>
<arg>Part Number</arg>
<arg>${flag}</arg>
</arguments>
<status status="PASS" starttime="20201007 15:50:26.982" endtime="20201007 15:50:26.983"></status>
</kw>
<kw name="Append To List" library="Collections">
<doc>Adds ``values`` to the end of ``list``.</doc>
<arguments>
<arg>${content}</arg>
<arg>0</arg>
<arg>1</arg>
<arg>Product name</arg>
<arg>${flag}</arg>
</arguments>
<status status="PASS" starttime="20201007 15:50:26.984" endtime="20201007 15:50:26.985"></status>
</kw>
<kw name="Append To List" library="Collections">
<doc>Adds ``values`` to the end of ``list``.</doc>
<arguments>
<arg>${content}</arg>
<arg>0</arg>
<arg>2</arg>
<arg>Date</arg>
<arg>${flag}</arg>
</arguments>
<status status="PASS" starttime="20201007 15:50:26.993" endtime="20201007 15:50:26.997"></status>
</kw>
<kw name="Append To List" library="Collections">
<doc>Adds ``values`` to the end of ``list``.</doc>
<arguments>
<arg>${content}</arg>
<arg>0</arg>
<arg>3</arg>
<arg>Version</arg>
<arg>${flag}</arg>
</arguments>
<status status="PASS" starttime="20201007 15:50:26.999" endtime="20201007 15:50:27.001"></status>
</kw>
<kw name="Append To List" library="Collections">
<doc>Adds ``values`` to the end of ``list``.</doc>
<arguments>
<arg>${content}</arg>
<arg>0</arg>
<arg>4</arg>
<arg>OS</arg>
<arg>${flag}</arg>
</arguments>
<status status="PASS" starttime="20201007 15:50:27.002" endtime="20201007 15:50:27.004"></status>
</kw>
<kw name="Append To List" library="Collections">
<doc>Adds ``values`` to the end of ``list``.</doc>
<arguments>
<arg>${content}</arg>
<arg>0</arg>
<arg>5</arg>
<arg>File Name</arg>
<arg>${flag}</arg>
</arguments>
<status status="PASS" starttime="20201007 15:50:27.012" endtime="20201007 15:50:27.013"></status>
</kw>
<kw name="Append To List" library="Collections">
<doc>Adds ``values`` to the end of ``list``.</doc>
<arguments>
<arg>${content}</arg>
<arg>0</arg>
<arg>6</arg>
<arg>Download Page</arg>
<arg>${flag}</arg>
</arguments>
<status status="PASS" starttime="20201007 15:50:27.014" endtime="20201007 15:50:27.015"></status>
</kw>
<kw name="Append To List" library="Collections">
<doc>Adds ``values`` to the end of ``list``.</doc>
<arguments>
<arg>${content}</arg>
<arg>0</arg>
<arg>7</arg>
<arg>Description</arg>
<arg>${flag}</arg>
</arguments>
<status status="PASS" starttime="20201007 15:50:27.016" endtime="20201007 15:50:27.017"></status>
</kw>
<kw name="Append To List" library="Collections">
<doc>Adds ``values`` to the end of ``list``.</doc>
<arguments>
<arg>${content}</arg>
<arg>0</arg>
<arg>8</arg>
<arg>Severity</arg>
<arg>${flag}</arg>
</arguments>
<status status="PASS" starttime="20201007 15:50:27.018" endtime="20201007 15:50:27.019"></status>
</kw>
<kw name="Set Global Variable" library="BuiltIn">
<doc>Makes a variable available globally in all tests and suites.</doc>
<arguments>
<arg>${flag}</arg>
<arg>False</arg>
</arguments>
<msg timestamp="20201007 15:50:27.027" level="INFO">${flag} = False</msg>
<status status="PASS" starttime="20201007 15:50:27.026" endtime="20201007 15:50:27.027"></status>
</kw>
<kw name="${inc} IN RANGE [ 1 | ${size} ]" type="for">
<msg timestamp="20201007 15:50:27.028" level="WARN">Error in file 'C:\Users\ssumanth\Desktop\Automation\Fabrics_Audit_Automation\Version 2\Cards\fetch_file.robot' in FOR loop starting on line 54: For loop header ':For' is deprecated. Use 'FOR' instead.</msg>
<msg timestamp="20201007 15:50:27.032" level="WARN">Error in file 'C:\Users\ssumanth\Desktop\Automation\Fabrics_Audit_Automation\Version 2\Cards\fetch_file.robot' in FOR loop starting on line 54: Marking for loop body with '\' is deprecated. Remove markers and use 'END' instead.</msg>
<kw name="${inc} = 1" type="foritem">
<kw name="Log To Console" library="BuiltIn">
<doc>Logs the given message to the console.</doc>
<arguments>
<arg>${inc}</arg>
</arguments>
<status status="PASS" starttime="20201007 15:50:27.035" endtime="20201007 15:50:27.037"></status>
</kw>
<kw name="Run Keyword And Ignore Error" library="BuiltIn">
<doc>Runs the given keyword with the given arguments and ignores possible error.</doc>
<arguments>
<arg>Test Launch</arg>
<arg>${inc}</arg>
<arg>${download}</arg>
</arguments>
<assign>
<var>${err}</var>
</assign>
<kw name="Test Launch">
<arguments>
<arg>${inc}</arg>
<arg>${download}</arg>
</arguments>
<kw name="${val} IN RANGE [ 0 | 5 ]" type="for">
<msg timestamp="20201007 15:50:27.042" level="WARN">Error in file 'C:\Users\ssumanth\Desktop\Automation\Fabrics_Audit_Automation\Version 2\Cards\fetch_file.robot' in FOR loop starting on line 76: For loop header ':For' is deprecated. Use 'FOR' instead.</msg>
<msg timestamp="20201007 15:50:27.043" level="WARN">Error in file 'C:\Users\ssumanth\Desktop\Automation\Fabrics_Audit_Automation\Version 2\Cards\fetch_file.robot' in FOR loop starting on line 76: Marking for loop body with '\' is deprecated. Remove markers and use 'END' instead.</msg>
<kw name="${val} = 0" type="foritem">
<kw name="Run Keyword And Ignore Error" library="BuiltIn">
<doc>Runs the given keyword with the given arguments and ignores possible error.</doc>
<arguments>
<arg>go to</arg>
<arg>${download}[${inc}]</arg>
</arguments>
<assign>
<var>${err}</var>
</assign>
<kw name="Go To" library="Selenium2Library">
<doc>Navigates the current browser window to the provided ``url``.</doc>
<arguments>
<arg>${download}[${inc}]</arg>
</arguments>
<msg timestamp="20201007 15:50:27.048" level="INFO">Opening url 'https://support.hpe.com/hpsc/swd/public/detail?swItemId=MTX_d1b0dd844c394fa187fb747f06'</msg>
<status status="PASS" starttime="20201007 15:50:27.047" endtime="20201007 15:50:39.706"></status>
</kw>
<msg timestamp="20201007 15:50:39.706" level="INFO">${err} = ('PASS', None)</msg>
<status status="PASS" starttime="20201007 15:50:27.046" endtime="20201007 15:50:39.707"></status>
</kw>
<kw name="Run Keyword If" library="BuiltIn">
<doc>Runs the given keyword with the given arguments, if ``condition`` is true.</doc>
<arguments>
<arg>'${download}[${inc}]'==''</arg>
<arg>FAIL</arg>
</arguments>
<status status="PASS" starttime="20201007 15:50:39.707" endtime="20201007 15:50:39.708"></status>
</kw>
<kw name="Log To Console" library="BuiltIn">
<doc>Logs the given message to the console.</doc>
<arguments>
<arg>link_${download}[${inc}]</arg>
</arguments>
<status status="PASS" starttime="20201007 15:50:39.709" endtime="20201007 15:50:39.709"></status>
</kw>
<kw name="Sleep" library="BuiltIn">
<doc>Pauses the test executed for the given time.</doc>
<arguments>
<arg>5</arg>
</arguments>
<msg timestamp="20201007 15:50:44.711" level="INFO">Slept 5 seconds</msg>
<status status="PASS" starttime="20201007 15:50:39.710" endtime="20201007 15:50:44.711"></status>
</kw>
<kw name="Run Keyword And Return Status" library="BuiltIn">
<doc>Runs the given keyword with given arguments and returns the status as a Boolean value.</doc>
<arguments>
<arg>Page should contain</arg>
<arg>File name</arg>
</arguments>
<assign>
<var>${stat}</var>
</assign>
<kw name="Page Should Contain" library="Selenium2Library">
<doc>Verifies that current page contains ``text``.</doc>
<arguments>
<arg>File name</arg>
</arguments>
<msg timestamp="20201007 15:50:44.752" level="INFO">Current page contains text 'File name'.</msg>
<status status="PASS" starttime="20201007 15:50:44.712" endtime="20201007 15:50:44.753"></status>
</kw>
<msg timestamp="20201007 15:50:44.753" level="INFO">${stat} = True</msg>
<status status="PASS" starttime="20201007 15:50:44.711" endtime="20201007 15:50:44.753"></status>
</kw>
<kw name="Log To Console" library="BuiltIn">
<doc>Logs the given message to the console.</doc>
<arguments>
<arg>${stat}</arg>
</arguments>
<status status="PASS" starttime="20201007 15:50:44.753" endtime="20201007 15:50:44.754"></status>
</kw>
<kw name="Exit For Loop If" library="BuiltIn">
<doc>Stops executing the enclosing for loop if the ``condition`` is true.</doc>
<arguments>
<arg>${stat}==True</arg>
</arguments>
<msg timestamp="20201007 15:50:44.755" level="INFO">Exiting for loop altogether.</msg>
<status status="PASS" starttime="20201007 15:50:44.754" endtime="20201007 15:50:44.755"></status>
</kw>
<status status="PASS" starttime="20201007 15:50:27.045" endtime="20201007 15:50:44.755"></status>
</kw>
<status status="PASS" starttime="20201007 15:50:27.041" endtime="20201007 15:50:44.755"></status>
</kw>
<status status="PASS" starttime="20201007 15:50:27.040" endtime="20201007 15:50:44.755"></status>
</kw>
<msg timestamp="20201007 15:50:44.755" level="INFO">${err} = ('PASS', None)</msg>
<status status="PASS" starttime="20201007 15:50:27.039" endtime="20201007 15:50:44.755"></status>
</kw>
<kw name="Run Keyword If" library="BuiltIn">
<doc>Runs the given keyword with the given arguments, if ``condition`` is true.</doc>
<arguments>
<arg>'${err}[0]'=='PASS'</arg>
<arg>Test continue</arg>
</arguments>
<assign>
<var>${file_name2}</var>
</assign>
<kw name="Test continue">
<kw name="Run Keyword And Ignore Error" library="BuiltIn">
<doc>Runs the given keyword with the given arguments and ignores possible error.</doc>
<arguments>
<arg>get text</arg>
<arg>xpath:/html[1]/body[1]/div[1]/div[1]/div[3]/div[1]/div[1]/table[3]/tbody[1]/tr[1]/td[1]/table[1]/tbody[1]/tr[2]/td[1]/div[1]/div[1]/div[1]/table[1]/tbody[1]/tr[4]/td[2]</arg>
</arguments>
<assign>
<var>${condition}</var>
<var>${file_name}</var>
</assign>
<kw name="Get Text" library="Selenium2Library">
<doc>Returns the text value of the element identified by ``locator``.</doc>
<arguments>
<arg>xpath:/html[1]/body[1]/div[1]/div[1]/div[3]/div[1]/div[1]/table[3]/tbody[1]/tr[1]/td[1]/table[1]/tbody[1]/tr[2]/td[1]/div[1]/div[1]/div[1]/table[1]/tbody[1]/tr[4]/td[2]</arg>
</arguments>
<msg timestamp="20201007 15:50:44.772" level="FAIL">Element with locator 'xpath:/html[1]/body[1]/div[1]/div[1]/div[3]/div[1]/div[1]/table[3]/tbody[1]/tr[1]/td[1]/table[1]/tbody[1]/tr[2]/td[1]/div[1]/div[1]/div[1]/table[1]/tbody[1]/tr[4]/td[2]' not found.</msg>
<status status="FAIL" starttime="20201007 15:50:44.757" endtime="20201007 15:50:44.772"></status>
</kw>
<msg timestamp="20201007 15:50:44.773" level="INFO">${condition} = FAIL</msg>
<msg timestamp="20201007 15:50:44.773" level="INFO">${file_name} = Element with locator 'xpath:/html[1]/body[1]/div[1]/div[1]/div[3]/div[1]/div[1]/table[3]/tbody[1]/tr[1]/td[1]/table[1]/tbody[1]/tr[2]/td[1]/div[1]/div[1]/div[1]/table[1]/tbody[1]/tr[4]/td[2]' not foun...</msg>
<status status="PASS" starttime="20201007 15:50:44.757" endtime="20201007 15:50:44.773"></status>
</kw>
<kw name="Run Keyword If" library="BuiltIn">
<doc>Runs the given keyword with the given arguments, if ``condition`` is true.</doc>
<arguments>
<arg>'${condition}'=='FAIL'</arg>
<arg>run keyword and ignore error</arg>
<arg>get text</arg>
<arg>xpath:/html[1]/body[1]/div[1]/div[1]/div[3]/div[1]/div[1]/table[3]/tbody[1]/tr[1]/td[1]/table[1]/tbody[1]/tr[2]/td[1]/div[1]/div[1]/div[1]/table[1]/tbody[1]/tr[5]/td[2]</arg>
</arguments>
<assign>
<var>${status}</var>
<var>${file_name2}</var>
</assign>
<kw name="Run Keyword And Ignore Error" library="BuiltIn">
<doc>Runs the given keyword with the given arguments and ignores possible error.</doc>
<arguments>
<arg>get text</arg>
<arg>xpath:/html[1]/body[1]/div[1]/div[1]/div[3]/div[1]/div[1]/table[3]/tbody[1]/tr[1]/td[1]/table[1]/tbody[1]/tr[2]/td[1]/div[1]/div[1]/div[1]/table[1]/tbody[1]/tr[5]/td[2]</arg>
</arguments>
<kw name="Get Text" library="Selenium2Library">
<doc>Returns the text value of the element identified by ``locator``.</doc>
<arguments>
<arg>xpath:/html[1]/body[1]/div[1]/div[1]/div[3]/div[1]/div[1]/table[3]/tbody[1]/tr[1]/td[1]/table[1]/tbody[1]/tr[2]/td[1]/div[1]/div[1]/div[1]/table[1]/tbody[1]/tr[5]/td[2]</arg>
</arguments>
<status status="PASS" starttime="20201007 15:50:44.775" endtime="20201007 15:50:44.808"></status>
</kw>
<status status="PASS" starttime="20201007 15:50:44.774" endtime="20201007 15:50:44.808"></status>
</kw>
<msg timestamp="20201007 15:50:44.808" level="INFO">${status} = PASS</msg>
<msg timestamp="20201007 15:50:44.808" level="INFO">${file_name2} = MLNX_OFED_LINUX-5.1-2.3.7.1-sles12sp5-x86_64.tar.gz (356 MB)</msg>
<status status="PASS" starttime="20201007 15:50:44.773" endtime="20201007 15:50:44.809"></status>
</kw>
<kw name="Run Keyword And Return Status" library="BuiltIn">
<doc>Runs the given keyword with given arguments and returns the status as a Boolean value.</doc>
<arguments>
<arg>should contain</arg>
<arg>${file_name2}</arg>
<arg>.compsig</arg>
</arguments>
<assign>
<var>${compsig_status}</var>
</assign>
<kw name="Should Contain" library="BuiltIn">
<doc>Fails if ``container`` does not contain ``item`` one or more times.</doc>
<arguments>
<arg>${file_name2}</arg>
<arg>.compsig</arg>
</arguments>
<msg timestamp="20201007 15:50:44.810" level="FAIL">'MLNX_OFED_LINUX-5.1-2.3.7.1-sles12sp5-x86_64.tar.gz (356 MB)' does not contain '.compsig'</msg>
<status status="FAIL" starttime="20201007 15:50:44.809" endtime="20201007 15:50:44.810"></status>
</kw>
<msg timestamp="20201007 15:50:44.810" level="INFO">${compsig_status} = False</msg>
<status status="PASS" starttime="20201007 15:50:44.809" endtime="20201007 15:50:44.810"></status>
</kw>
<kw name="Run Keyword If" library="BuiltIn">
<doc>Runs the given keyword with the given arguments, if ``condition`` is true.</doc>
<arguments>
<arg>${compsig_status}==True</arg>
<arg>run keyword and ignore error</arg>
<arg>get text</arg>
<arg>xpath:/html[1]/body[1]/div[1]/div[1]/div[3]/div[1]/div[1]/table[3]/tbody[1]/tr[1]/td[1]/table[1]/tbody[1]/tr[2]/td[1]/div[1]/div[1]/div[1]/table[1]/tbody[1]/tr[6]/td[2]</arg>
</arguments>
<assign>
<var>${status2}</var>
<var>${file_name3}</var>
</assign>
<msg timestamp="20201007 15:50:44.811" level="INFO">${status2} = None</msg>
<msg timestamp="20201007 15:50:44.811" level="INFO">${file_name3} = None</msg>
<status status="PASS" starttime="20201007 15:50:44.811" endtime="20201007 15:50:44.811"></status>
</kw>
<kw name="Run Keyword If" library="BuiltIn">
<doc>Runs the given keyword with the given arguments, if ``condition`` is true.</doc>
<arguments>
<arg>${compsig_status}==True</arg>
<arg>set test variable</arg>
<arg>${file_name2}</arg>
<arg>${file_name3}</arg>
</arguments>
<status status="PASS" starttime="20201007 15:50:44.812" endtime="20201007 15:50:44.812"></status>
</kw>
<kw name="Run Keyword If" library="BuiltIn">
<doc>Runs the given keyword with the given arguments, if ``condition`` is true.</doc>
<arguments>
<arg>'${condition}'=='PASS'</arg>
<arg>set test variable</arg>
<arg>${file_name2}</arg>
<arg>${file_name}</arg>
</arguments>
<status status="PASS" starttime="20201007 15:50:44.812" endtime="20201007 15:50:44.813"></status>
</kw>
<kw name="Run Keyword If" library="BuiltIn">
<doc>Runs the given keyword with the given arguments, if ``condition`` is true.</doc>
<arguments>
<arg>'${status}'=='FAIL'</arg>
<arg>set test variable</arg>
<arg>${file_name2}</arg>
<arg>Not Found</arg>
</arguments>
<status status="PASS" starttime="20201007 15:50:44.813" endtime="20201007 15:50:44.813"></status>
</kw>
<kw name="Log To Console" library="BuiltIn">
<doc>Logs the given message to the console.</doc>
<arguments>
<arg>condition_${condition}</arg>
</arguments>
<status status="PASS" starttime="20201007 15:50:44.813" endtime="20201007 15:50:44.814"></status>
</kw>
<kw name="Log To Console" library="BuiltIn">
<doc>Logs the given message to the console.</doc>
<arguments>
<arg>file_${file_name2}</arg>
</arguments>
<status status="PASS" starttime="20201007 15:50:44.815" endtime="20201007 15:50:44.817"></status>
</kw>
<kw name="Log To Console" library="BuiltIn">
<doc>Logs the given message to the console.</doc>
<arguments>
<arg>stat_${status}</arg>
</arguments>
<status status="PASS" starttime="20201007 15:50:44.817" endtime="20201007 15:50:44.818"></status>
</kw>
<status status="PASS" starttime="20201007 15:50:44.756" endtime="20201007 15:50:44.818"></status>
</kw>
<msg timestamp="20201007 15:50:44.818" level="INFO">${file_name2} = MLNX_OFED_LINUX-5.1-2.3.7.1-sles12sp5-x86_64.tar.gz (356 MB)</msg>
<status status="PASS" starttime="20201007 15:50:44.756" endtime="20201007 15:50:44.818"></status>
</kw>
<kw name="Run Keyword If" library="BuiltIn">
<doc>Runs the given keyword with the given arguments, if ``condition`` is true.</doc>
<arguments>
<arg>${err}=='FAIL'</arg>
<arg>set test variable</arg>
<arg>${file_name2}</arg>
<arg>${space}</arg>
</arguments>
<status status="PASS" starttime="20201007 15:50:44.819" endtime="20201007 15:50:44.819"></status>
</kw>
<kw name="Append To List" library="Collections">
<doc>Adds ``values`` to the end of ``list``.</doc>
<arguments>
<arg>${content}</arg>
<arg>${inc}</arg>
<arg>0</arg>
<arg>${part}[${inc}]</arg>
<arg>${flag}</arg>
</arguments>
<status status="PASS" starttime="20201007 15:50:44.819" endtime="20201007 15:50:44.820"></status>
</kw>
<kw name="Append To List" library="Collections">
<doc>Adds ``values`` to the end of ``list``.</doc>
<arguments>
<arg>${content}</arg>
<arg>${inc}</arg>
<arg>1</arg>
<arg>${product}[${inc}]</arg>
<arg>${flag}</arg>
</arguments>
<status status="PASS" starttime="20201007 15:50:44.820" endtime="20201007 15:50:44.821"></status>
</kw>
<kw name="Append To List" library="Collections">
<doc>Adds ``values`` to the end of ``list``.</doc>
<arguments>
<arg>${content}</arg>
<arg>${inc}</arg>
<arg>2</arg>
<arg>${date}[${inc}]</arg>
<arg>${flag}</arg>
</arguments>
<status status="PASS" starttime="20201007 15:50:44.821" endtime="20201007 15:50:44.822"></status>
</kw>
<kw name="Append To List" library="Collections">
<doc>Adds ``values`` to the end of ``list``.</doc>
<arguments>
<arg>${content}</arg>
<arg>${inc}</arg>
<arg>3</arg>
<arg>${version}[${inc}]</arg>
<arg>${flag}</arg>
</arguments>
<status status="PASS" starttime="20201007 15:50:44.822" endtime="20201007 15:50:44.822"></status>
</kw>
<kw name="Append To List" library="Collections">
<doc>Adds ``values`` to the end of ``list``.</doc>
<arguments>
<arg>${content}</arg>
<arg>${inc}</arg>
<arg>4</arg>
<arg>${os}[${inc}]</arg>
<arg>${flag}</arg>
</arguments>
<status status="PASS" starttime="20201007 15:50:44.823" endtime="20201007 15:50:44.823"></status>
</kw>
<kw name="Append To List" library="Collections">
<doc>Adds ``values`` to the end of ``list``.</doc>
<arguments>
<arg>${content}</arg>
<arg>${inc}</arg>
<arg>5</arg>
<arg>${file_name2}</arg>
<arg>${flag}</arg>
</arguments>
<status status="PASS" starttime="20201007 15:50:44.823" endtime="20201007 15:50:44.824"></status>
</kw>
<kw name="Append To List" library="Collections">
<doc>Adds ``values`` to the end of ``list``.</doc>
<arguments>
<arg>${content}</arg>
<arg>${inc}</arg>
<arg>6</arg>
<arg>${download}[${inc}]</arg>
<arg>${flag}</arg>
</arguments>
<status status="PASS" starttime="20201007 15:50:44.824" endtime="20201007 15:50:44.825"></status>
</kw>
<kw name="Append To List" library="Collections">
<doc>Adds ``values`` to the end of ``list``.</doc>
<arguments>
<arg>${content}</arg>
<arg>${inc}</arg>
<arg>7</arg>
<arg>${description}[${inc}]</arg>
<arg>${flag}</arg>
</arguments>
<status status="PASS" starttime="20201007 15:50:44.825" endtime="20201007 15:50:44.826"></status>
</kw>
<kw name="Append To List" library="Collections">
<doc>Adds ``values`` to the end of ``list``.</doc>
<arguments>
<arg>${content}</arg>
<arg>${inc}</arg>
<arg>8</arg>
<arg>${severity}[${inc}]</arg>
<arg>${flag}</arg>
</arguments>
<status status="PASS" starttime="20201007 15:50:44.826" endtime="20201007 15:50:44.827"></status>
</kw>
<kw name="Log To Console" library="BuiltIn">
<doc>Logs the given message to the console.</doc>
<arguments>
<arg>${content}</arg>
</arguments>
<status status="PASS" starttime="20201007 15:50:44.827" endtime="20201007 15:50:44.828"></status>
</kw>
<status status="PASS" starttime="20201007 15:50:27.034" endtime="20201007 15:50:44.828"></status>
</kw>
<kw name="${inc} = 2" type="foritem">
<kw name="Log To Console" library="BuiltIn">
<doc>Logs the given message to the console.</doc>
<arguments>
<arg>${inc}</arg>
</arguments>
<status status="PASS" starttime="20201007 15:50:44.828" endtime="20201007 15:50:44.829"></status>
</kw>
<kw name="Run Keyword And Ignore Error" library="BuiltIn">
<doc>Runs the given keyword with the given arguments and ignores possible error.</doc>
<arguments>
<arg>Test Launch</arg>
<arg>${inc}</arg>
<arg>${download}</arg>
</arguments>
<assign>
<var>${err}</var>
</assign>
<kw name="Test Launch">
<arguments>
<arg>${inc}</arg>
<arg>${download}</arg>
</arguments>
<kw name="${val} IN RANGE [ 0 | 5 ]" type="for">
<msg timestamp="20201007 15:50:44.831" level="WARN">Error in file 'C:\Users\ssumanth\Desktop\Automation\Fabrics_Audit_Automation\Version 2\Cards\fetch_file.robot' in FOR loop starting on line 76: For loop header ':For' is deprecated. Use 'FOR' instead.</msg>
<msg timestamp="20201007 15:50:44.832" level="WARN">Error in file 'C:\Users\ssumanth\Desktop\Automation\Fabrics_Audit_Automation\Version 2\Cards\fetch_file.robot' in FOR loop starting on line 76: Marking for loop body with '\' is deprecated. Remove markers and use 'END' instead.</msg>
<kw name="${val} = 0" type="foritem">
<kw name="Run Keyword And Ignore Error" library="BuiltIn">
<doc>Runs the given keyword with the given arguments and ignores possible error.</doc>
<arguments>
<arg>go to</arg>
<arg>${download}[${inc}]</arg>
</arguments>
<assign>
<var>${err}</var>
</assign>
<kw name="Go To" library="Selenium2Library">
<doc>Navigates the current browser window to the provided ``url``.</doc>
<arguments>
<arg>${download}[${inc}]</arg>
</arguments>
<msg timestamp="20201007 15:50:44.837" level="INFO">Opening url 'https://support.hpe.com/hpsc/swd/public/detail?swItemId=MTX_981726e3858e4928a52e747bb8'</msg>
<status status="PASS" starttime="20201007 15:50:44.837" endtime="20201007 15:50:49.201"></status>
</kw>
<msg timestamp="20201007 15:50:49.201" level="INFO">${err} = ('PASS', None)</msg>
<status status="PASS" starttime="20201007 15:50:44.835" endtime="20201007 15:50:49.201"></status>
</kw>
<kw name="Run Keyword If" library="BuiltIn">
<doc>Runs the given keyword with the given arguments, if ``condition`` is true.</doc>
<arguments>
<arg>'${download}[${inc}]'==''</arg>
<arg>FAIL</arg>
</arguments>
<status status="PASS" starttime="20201007 15:50:49.202" endtime="20201007 15:50:49.202"></status>
</kw>
<kw name="Log To Console" library="BuiltIn">
<doc>Logs the given message to the console.</doc>
<arguments>
<arg>link_${download}[${inc}]</arg>
</arguments>
<status status="PASS" starttime="20201007 15:50:49.202" endtime="20201007 15:50:49.203"></status>
</kw>
<kw name="Sleep" library="BuiltIn">
<doc>Pauses the test executed for the given time.</doc>
<arguments>
<arg>5</arg>
</arguments>
<msg timestamp="20201007 15:50:54.205" level="INFO">Slept 5 seconds</msg>
<status status="PASS" starttime="20201007 15:50:49.204" endtime="20201007 15:50:54.205"></status>
</kw>
<kw name="Run Keyword And Return Status" library="BuiltIn">
<doc>Runs the given keyword with given arguments and returns the status as a Boolean value.</doc>
<arguments>
<arg>Page should contain</arg>
<arg>File name</arg>
</arguments>
<assign>
<var>${stat}</var>
</assign>
<kw name="Page Should Contain" library="Selenium2Library">
<doc>Verifies that current page contains ``text``.</doc>
<arguments>
<arg>File name</arg>
</arguments>
<msg timestamp="20201007 15:50:54.265" level="INFO">Current page contains text 'File name'.</msg>
<status status="PASS" starttime="20201007 15:50:54.206" endtime="20201007 15:50:54.265"></status>
</kw>
<msg timestamp="20201007 15:50:54.266" level="INFO">${stat} = True</msg>
<status status="PASS" starttime="20201007 15:50:54.205" endtime="20201007 15:50:54.266"></status>
</kw>
<kw name="Log To Console" library="BuiltIn">
<doc>Logs the given message to the console.</doc>
<arguments>
<arg>${stat}</arg>
</arguments>
<status status="PASS" starttime="20201007 15:50:54.266" endtime="20201007 15:50:54.267"></status>
</kw>
<kw name="Exit For Loop If" library="BuiltIn">
<doc>Stops executing the enclosing for loop if the ``condition`` is true.</doc>
<arguments>
<arg>${stat}==True</arg>
</arguments>
<msg timestamp="20201007 15:50:54.267" level="INFO">Exiting for loop altogether.</msg>
<status status="PASS" starttime="20201007 15:50:54.267" endtime="20201007 15:50:54.268"></status>
</kw>
<status status="PASS" starttime="20201007 15:50:44.835" endtime="20201007 15:50:54.268"></status>
</kw>
<status status="PASS" starttime="20201007 15:50:44.831" endtime="20201007 15:50:54.268"></status>
</kw>
<status status="PASS" starttime="20201007 15:50:44.830" endtime="20201007 15:50:54.268"></status>
</kw>
<msg timestamp="20201007 15:50:54.268" level="INFO">${err} = ('PASS', None)</msg>
<status status="PASS" starttime="20201007 15:50:44.829" endtime="20201007 15:50:54.268"></status>
</kw>
<kw name="Run Keyword If" library="BuiltIn">
<doc>Runs the given keyword with the given arguments, if ``condition`` is true.</doc>
<arguments>
<arg>'${err}[0]'=='PASS'</arg>
<arg>Test continue</arg>
</arguments>
<assign>
<var>${file_name2}</var>
</assign>
<kw name="Test continue">
<kw name="Run Keyword And Ignore Error" library="BuiltIn">
<doc>Runs the given keyword with the given arguments and ignores possible error.</doc>
<arguments>
<arg>get text</arg>
<arg>xpath:/html[1]/body[1]/div[1]/div[1]/div[3]/div[1]/div[1]/table[3]/tbody[1]/tr[1]/td[1]/table[1]/tbody[1]/tr[2]/td[1]/div[1]/div[1]/div[1]/table[1]/tbody[1]/tr[4]/td[2]</arg>
</arguments>
<assign>
<var>${condition}</var>
<var>${file_name}</var>
</assign>
<kw name="Get Text" library="Selenium2Library">
<doc>Returns the text value of the element identified by ``locator``.</doc>
<arguments>
<arg>xpath:/html[1]/body[1]/div[1]/div[1]/div[3]/div[1]/div[1]/table[3]/tbody[1]/tr[1]/td[1]/table[1]/tbody[1]/tr[2]/td[1]/div[1]/div[1]/div[1]/table[1]/tbody[1]/tr[4]/td[2]</arg>
</arguments>
<msg timestamp="20201007 15:50:54.279" level="FAIL">Element with locator 'xpath:/html[1]/body[1]/div[1]/div[1]/div[3]/div[1]/div[1]/table[3]/tbody[1]/tr[1]/td[1]/table[1]/tbody[1]/tr[2]/td[1]/div[1]/div[1]/div[1]/table[1]/tbody[1]/tr[4]/td[2]' not found.</msg>
<status status="FAIL" starttime="20201007 15:50:54.270" endtime="20201007 15:50:54.279"></status>
</kw>
<msg timestamp="20201007 15:50:54.280" level="INFO">${condition} = FAIL</msg>
<msg timestamp="20201007 15:50:54.280" level="INFO">${file_name} = Element with locator 'xpath:/html[1]/body[1]/div[1]/div[1]/div[3]/div[1]/div[1]/table[3]/tbody[1]/tr[1]/td[1]/table[1]/tbody[1]/tr[2]/td[1]/div[1]/div[1]/div[1]/table[1]/tbody[1]/tr[4]/td[2]' not foun...</msg>
<status status="PASS" starttime="20201007 15:50:54.269" endtime="20201007 15:50:54.280"></status>
</kw>
<kw name="Run Keyword If" library="BuiltIn">
<doc>Runs the given keyword with the given arguments, if ``condition`` is true.</doc>
<arguments>
<arg>'${condition}'=='FAIL'</arg>
<arg>run keyword and ignore error</arg>
<arg>get text</arg>
<arg>xpath:/html[1]/body[1]/div[1]/div[1]/div[3]/div[1]/div[1]/table[3]/tbody[1]/tr[1]/td[1]/table[1]/tbody[1]/tr[2]/td[1]/div[1]/div[1]/div[1]/table[1]/tbody[1]/tr[5]/td[2]</arg>
</arguments>
<assign>
<var>${status}</var>
<var>${file_name2}</var>
</assign>
<kw name="Run Keyword And Ignore Error" library="BuiltIn">
<doc>Runs the given keyword with the given arguments and ignores possible error.</doc>
<arguments>
<arg>get text</arg>
<arg>xpath:/html[1]/body[1]/div[1]/div[1]/div[3]/div[1]/div[1]/table[3]/tbody[1]/tr[1]/td[1]/table[1]/tbody[1]/tr[2]/td[1]/div[1]/div[1]/div[1]/table[1]/tbody[1]/tr[5]/td[2]</arg>
</arguments>
<kw name="Get Text" library="Selenium2Library">
<doc>Returns the text value of the element identified by ``locator``.</doc>
<arguments>
<arg>xpath:/html[1]/body[1]/div[1]/div[1]/div[3]/div[1]/div[1]/table[3]/tbody[1]/tr[1]/td[1]/table[1]/tbody[1]/tr[2]/td[1]/div[1]/div[1]/div[1]/table[1]/tbody[1]/tr[5]/td[2]</arg>
</arguments>
<status status="PASS" starttime="20201007 15:50:54.281" endtime="20201007 15:50:54.299"></status>
</kw>
<status status="PASS" starttime="20201007 15:50:54.281" endtime="20201007 15:50:54.300"></status>
</kw>
<msg timestamp="20201007 15:50:54.300" level="INFO">${status} = PASS</msg>
<msg timestamp="20201007 15:50:54.300" level="INFO">${file_name2} = MLNX_OFED_LINUX-5.1-2.3.7.1-rhel7.6-x86_64.tar.gz (359 MB)</msg>
<status status="PASS" starttime="20201007 15:50:54.280" endtime="20201007 15:50:54.300"></status>
</kw>
<kw name="Run Keyword And Return Status" library="BuiltIn">
<doc>Runs the given keyword with given arguments and returns the status as a Boolean value.</doc>
<arguments>
<arg>should contain</arg>
<arg>${file_name2}</arg>
<arg>.compsig</arg>
</arguments>
<assign>
<var>${compsig_status}</var>
</assign>
<kw name="Should Contain" library="BuiltIn">
<doc>Fails if ``container`` does not contain ``item`` one or more times.</doc>
<arguments>
<arg>${file_name2}</arg>
<arg>.compsig</arg>
</arguments>
<msg timestamp="20201007 15:50:54.302" level="FAIL">'MLNX_OFED_LINUX-5.1-2.3.7.1-rhel7.6-x86_64.tar.gz (359 MB)' does not contain '.compsig'</msg>
<status status="FAIL" starttime="20201007 15:50:54.301" endtime="20201007 15:50:54.302"></status>
</kw>
<msg timestamp="20201007 15:50:54.302" level="INFO">${compsig_status} = False</msg>
<status status="PASS" starttime="20201007 15:50:54.300" endtime="20201007 15:50:54.302"></status>
</kw>
<kw name="Run Keyword If" library="BuiltIn">
<doc>Runs the given keyword with the given arguments, if ``condition`` is true.</doc>
<arguments>
<arg>${compsig_status}==True</arg>
<arg>run keyword and ignore error</arg>
<arg>get text</arg>
<arg>xpath:/html[1]/body[1]/div[1]/div[1]/div[3]/div[1]/div[1]/table[3]/tbody[1]/tr[1]/td[1]/table[1]/tbody[1]/tr[2]/td[1]/div[1]/div[1]/div[1]/table[1]/tbody[1]/tr[6]/td[2]</arg>
</arguments>
<assign>
<var>${status2}</var>
<var>${file_name3}</var>
</assign>
<msg timestamp="20201007 15:50:54.303" level="INFO">${status2} = None</msg>
<msg timestamp="20201007 15:50:54.303" level="INFO">${file_name3} = None</msg>
<status status="PASS" starttime="20201007 15:50:54.302" endtime="20201007 15:50:54.303"></status>
</kw>
<kw name="Run Keyword If" library="BuiltIn">
<doc>Runs the given keyword with the given arguments, if ``condition`` is true.</doc>
<arguments>
<arg>${compsig_status}==True</arg>
<arg>set test variable</arg>
<arg>${file_name2}</arg>
<arg>${file_name3}</arg>
</arguments>
<status status="PASS" starttime="20201007 15:50:54.303" endtime="20201007 15:50:54.304"></status>
</kw>
<kw name="Run Keyword If" library="BuiltIn">
<doc>Runs the given keyword with the given arguments, if ``condition`` is true.</doc>
<arguments>
<arg>'${condition}'=='PASS'</arg>
<arg>set test variable</arg>
<arg>${file_name2}</arg>
<arg>${file_name}</arg>
</arguments>
<status status="PASS" starttime="20201007 15:50:54.304" endtime="20201007 15:50:54.305"></status>
</kw>
<kw name="Run Keyword If" library="BuiltIn">
<doc>Runs the given keyword with the given arguments, if ``condition`` is true.</doc>
<arguments>
<arg>'${status}'=='FAIL'</arg>
<arg>set test variable</arg>
<arg>${file_name2}</arg>
<arg>Not Found</arg>
</arguments>
<status status="PASS" starttime="20201007 15:50:54.305" endtime="20201007 15:50:54.305"></status>
</kw>
<kw name="Log To Console" library="BuiltIn">
<doc>Logs the given message to the console.</doc>
<arguments>
<arg>condition_${condition}</arg>
</arguments>
<status status="PASS" starttime="20201007 15:50:54.305" endtime="20201007 15:50:54.306"></status>
</kw>
<kw name="Log To Console" library="BuiltIn">
<doc>Logs the given message to the console.</doc>
<arguments>
<arg>file_${file_name2}</arg>
</arguments>
<status status="PASS" starttime="20201007 15:50:54.306" endtime="20201007 15:50:54.307"></status>
</kw>
<kw name="Log To Console" library="BuiltIn">
<doc>Logs the given message to the console.</doc>
<arguments>
<arg>stat_${status}</arg>
</arguments>
<status status="PASS" starttime="20201007 15:50:54.307" endtime="20201007 15:50:54.308"></status>
</kw>
<status status="PASS" starttime="20201007 15:50:54.269" endtime="20201007 15:50:54.308"></status>
</kw>
<msg timestamp="20201007 15:50:54.309" level="INFO">${file_name2} = MLNX_OFED_LINUX-5.1-2.3.7.1-rhel7.6-x86_64.tar.gz (359 MB)</msg>
<status status="PASS" starttime="20201007 15:50:54.268" endtime="20201007 15:50:54.309"></status>
</kw>
<kw name="Run Keyword If" library="BuiltIn">
<doc>Runs the given keyword with the given arguments, if ``condition`` is true.</doc>
<arguments>
<arg>${err}=='FAIL'</arg>
<arg>set test variable</arg>
<arg>${file_name2}</arg>
<arg>${space}</arg>
</arguments>
<status status="PASS" starttime="20201007 15:50:54.309" endtime="20201007 15:50:54.310"></status>
</kw>
<kw name="Append To List" library="Collections">
<doc>Adds ``values`` to the end of ``list``.</doc>
<arguments>
<arg>${content}</arg>
<arg>${inc}</arg>
<arg>0</arg>
<arg>${part}[${inc}]</arg>
<arg>${flag}</arg>
</arguments>
<status status="PASS" starttime="20201007 15:50:54.310" endtime="20201007 15:50:54.311"></status>
</kw>
<kw name="Append To List" library="Collections">
<doc>Adds ``values`` to the end of ``list``.</doc>
<arguments>
<arg>${content}</arg>
<arg>${inc}</arg>
<arg>1</arg>
<arg>${product}[${inc}]</arg>
<arg>${flag}</arg>
</arguments>
<status status="PASS" starttime="20201007 15:50:54.311" endtime="20201007 15:50:54.312"></status>
</kw>
<kw name="Append To List" library="Collections">
<doc>Adds ``values`` to the end of ``list``.</doc>
<arguments>
<arg>${content}</arg>
<arg>${inc}</arg>
<arg>2</arg>
<arg>${date}[${inc}]</arg>
<arg>${flag}</arg>
</arguments>
<status status="PASS" starttime="20201007 15:50:54.312" endtime="20201007 15:50:54.313"></status>
</kw>
<kw name="Append To List" library="Collections">
<doc>Adds ``values`` to the end of ``list``.</doc>
<arguments>
<arg>${content}</arg>
<arg>${inc}</arg>
<arg>3</arg>
<arg>${version}[${inc}]</arg>
<arg>${flag}</arg>
</arguments>
<status status="PASS" starttime="20201007 15:50:54.313" endtime="20201007 15:50:54.314"></status>
</kw>
<kw name="Append To List" library="Collections">
<doc>Adds ``values`` to the end of ``list``.</doc>
<arguments>
<arg>${content}</arg>
<arg>${inc}</arg>
<arg>4</arg>
<arg>${os}[${inc}]</arg>
<arg>${flag}</arg>
</arguments>
<status status="PASS" starttime="20201007 15:50:54.314" endtime="20201007 15:50:54.315"></status>
</kw>
<kw name="Append To List" library="Collections">
<doc>Adds ``values`` to the end of ``list``.</doc>
<arguments>
<arg>${content}</arg>
<arg>${inc}</arg>
<arg>5</arg>
<arg>${file_name2}</arg>
<arg>${flag}</arg>
</arguments>
<status status="PASS" starttime="20201007 15:50:54.315" endtime="20201007 15:50:54.315"></status>
</kw>
<kw name="Append To List" library="Collections">
<doc>Adds ``values`` to the end of ``list``.</doc>
<arguments>
<arg>${content}</arg>
<arg>${inc}</arg>
<arg>6</arg>
<arg>${download}[${inc}]</arg>
<arg>${flag}</arg>
</arguments>
<status status="PASS" starttime="20201007 15:50:54.316" endtime="20201007 15:50:54.316"></status>
</kw>
<kw name="Append To List" library="Collections">
<doc>Adds ``values`` to the end of ``list``.</doc>
<arguments>
<arg>${content}</arg>
<arg>${inc}</arg>
<arg>7</arg>
<arg>${description}[${inc}]</arg>
<arg>${flag}</arg>
</arguments>
<status status="PASS" starttime="20201007 15:50:54.316" endtime="20201007 15:50:54.317"></status>
</kw>
<kw name="Append To List" library="Collections">
<doc>Adds ``values`` to the end of ``list``.</doc>
<arguments>
<arg>${content}</arg>
<arg>${inc}</arg>
<arg>8</arg>
<arg>${severity}[${inc}]</arg>
<arg>${flag}</arg>
</arguments>
<status status="PASS" starttime="20201007 15:50:54.317" endtime="20201007 15:50:54.318"></status>
</kw>
<kw name="Log To Console" library="BuiltIn">
<doc>Logs the given message to the console.</doc>
<arguments>
<arg>${content}</arg>
</arguments>
<status status="PASS" starttime="20201007 15:50:54.318" endtime="20201007 15:50:54.319"></status>
</kw>
<status status="PASS" starttime="20201007 15:50:44.828" endtime="20201007 15:50:54.319"></status>
</kw>
<kw name="${inc} = 3" type="foritem">
<kw name="Log To Console" library="BuiltIn">
<doc>Logs the given message to the console.</doc>
<arguments>
<arg>${inc}</arg>
</arguments>
<status status="PASS" starttime="20201007 15:50:54.320" endtime="20201007 15:50:54.320"></status>
</kw>
<kw name="Run Keyword And Ignore Error" library="BuiltIn">
<doc>Runs the given keyword with the given arguments and ignores possible error.</doc>
<arguments>
<arg>Test Launch</arg>
<arg>${inc}</arg>
<arg>${download}</arg>
</arguments>
<assign>
<var>${err}</var>
</assign>
<kw name="Test Launch">
<arguments>
<arg>${inc}</arg>
<arg>${download}</arg>
</arguments>
<kw name="${val} IN RANGE [ 0 | 5 ]" type="for">
<msg timestamp="20201007 15:50:54.322" level="WARN">Error in file 'C:\Users\ssumanth\Desktop\Automation\Fabrics_Audit_Automation\Version 2\Cards\fetch_file.robot' in FOR loop starting on line 76: For loop header ':For' is deprecated. Use 'FOR' instead.</msg>
<msg timestamp="20201007 15:50:54.325" level="WARN">Error in file 'C:\Users\ssumanth\Desktop\Automation\Fabrics_Audit_Automation\Version 2\Cards\fetch_file.robot' in FOR loop starting on line 76: Marking for loop body with '\' is deprecated. Remove markers and use 'END' instead.</msg>
<kw name="${val} = 0" type="foritem">
<kw name="Run Keyword And Ignore Error" library="BuiltIn">
<doc>Runs the given keyword with the given arguments and ignores possible error.</doc>
<arguments>
<arg>go to</arg>
<arg>${download}[${inc}]</arg>
</arguments>
<assign>
<var>${err}</var>
</assign>
<kw name="Go To" library="Selenium2Library">
<doc>Navigates the current browser window to the provided ``url``.</doc>
<arguments>
<arg>${download}[${inc}]</arg>
</arguments>
<msg timestamp="20201007 15:50:54.333" level="INFO">Opening url 'https://support.hpe.com/hpsc/swd/public/detail?swItemId=MTX_1a4e583bf17c48a2a4720bee4c'</msg>
<status status="PASS" starttime="20201007 15:50:54.332" endtime="20201007 15:50:58.181"></status>
</kw>
<msg timestamp="20201007 15:50:58.182" level="INFO">${err} = ('PASS', None)</msg>
<status status="PASS" starttime="20201007 15:50:54.332" endtime="20201007 15:50:58.182"></status>
</kw>
<kw name="Run Keyword If" library="BuiltIn">
<doc>Runs the given keyword with the given arguments, if ``condition`` is true.</doc>
<arguments>
<arg>'${download}[${inc}]'==''</arg>
<arg>FAIL</arg>
</arguments>
<status status="PASS" starttime="20201007 15:50:58.182" endtime="20201007 15:50:58.183"></status>
</kw>
<kw name="Log To Console" library="BuiltIn">
<doc>Logs the given message to the console.</doc>
<arguments>
<arg>link_${download}[${inc}]</arg>
</arguments>
<status status="PASS" starttime="20201007 15:50:58.183" endtime="20201007 15:50:58.185"></status>
</kw>
<kw name="Sleep" library="BuiltIn">
<doc>Pauses the test executed for the given time.</doc>
<arguments>
<arg>5</arg>
</arguments>
<msg timestamp="20201007 15:51:03.186" level="INFO">Slept 5 seconds</msg>
<status status="PASS" starttime="20201007 15:50:58.185" endtime="20201007 15:51:03.186"></status>
</kw>
<kw name="Run Keyword And Return Status" library="BuiltIn">
<doc>Runs the given keyword with given arguments and returns the status as a Boolean value.</doc>
<arguments>
<arg>Page should contain</arg>
<arg>File name</arg>
</arguments>
<assign>
<var>${stat}</var>
</assign>
<kw name="Page Should Contain" library="Selenium2Library">
<doc>Verifies that current page contains ``text``.</doc>
<arguments>
<arg>File name</arg>
</arguments>
<msg timestamp="20201007 15:51:03.226" level="INFO">Current page contains text 'File name'.</msg>
<status status="PASS" starttime="20201007 15:51:03.187" endtime="20201007 15:51:03.226"></status>
</kw>
<msg timestamp="20201007 15:51:03.226" level="INFO">${stat} = True</msg>
<status status="PASS" starttime="20201007 15:51:03.186" endtime="20201007 15:51:03.226"></status>
</kw>
<kw name="Log To Console" library="BuiltIn">
<doc>Logs the given message to the console.</doc>
<arguments>
<arg>${stat}</arg>
</arguments>
<status status="PASS" starttime="20201007 15:51:03.226" endtime="20201007 15:51:03.227"></status>
</kw>
<kw name="Exit For Loop If" library="BuiltIn">
<doc>Stops executing the enclosing for loop if the ``condition`` is true.</doc>
<arguments>
<arg>${stat}==True</arg>
</arguments>
<msg timestamp="20201007 15:51:03.228" level="INFO">Exiting for loop altogether.</msg>
<status status="PASS" starttime="20201007 15:51:03.227" endtime="20201007 15:51:03.228"></status>
</kw>
<status status="PASS" starttime="20201007 15:50:54.331" endtime="20201007 15:51:03.228"></status>
</kw>
<status status="PASS" starttime="20201007 15:50:54.322" endtime="20201007 15:51:03.228"></status>
</kw>
<status status="PASS" starttime="20201007 15:50:54.321" endtime="20201007 15:51:03.228"></status>
</kw>
<msg timestamp="20201007 15:51:03.228" level="INFO">${err} = ('PASS', None)</msg>
<status status="PASS" starttime="20201007 15:50:54.321" endtime="20201007 15:51:03.228"></status>
</kw>
<kw name="Run Keyword If" library="BuiltIn">
<doc>Runs the given keyword with the given arguments, if ``condition`` is true.</doc>
<arguments>
<arg>'${err}[0]'=='PASS'</arg>
<arg>Test continue</arg>
</arguments>
<assign>
<var>${file_name2}</var>
</assign>
<kw name="Test continue">
<kw name="Run Keyword And Ignore Error" library="BuiltIn">
<doc>Runs the given keyword with the given arguments and ignores possible error.</doc>
<arguments>
<arg>get text</arg>
<arg>xpath:/html[1]/body[1]/div[1]/div[1]/div[3]/div[1]/div[1]/table[3]/tbody[1]/tr[1]/td[1]/table[1]/tbody[1]/tr[2]/td[1]/div[1]/div[1]/div[1]/table[1]/tbody[1]/tr[4]/td[2]</arg>
</arguments>
<assign>
<var>${condition}</var>
<var>${file_name}</var>
</assign>
<kw name="Get Text" library="Selenium2Library">
<doc>Returns the text value of the element identified by ``locator``.</doc>
<arguments>
<arg>xpath:/html[1]/body[1]/div[1]/div[1]/div[3]/div[1]/div[1]/table[3]/tbody[1]/tr[1]/td[1]/table[1]/tbody[1]/tr[2]/td[1]/div[1]/div[1]/div[1]/table[1]/tbody[1]/tr[4]/td[2]</arg>
</arguments>
<msg timestamp="20201007 15:51:03.240" level="FAIL">Element with locator 'xpath:/html[1]/body[1]/div[1]/div[1]/div[3]/div[1]/div[1]/table[3]/tbody[1]/tr[1]/td[1]/table[1]/tbody[1]/tr[2]/td[1]/div[1]/div[1]/div[1]/table[1]/tbody[1]/tr[4]/td[2]' not found.</msg>
<status status="FAIL" starttime="20201007 15:51:03.230" endtime="20201007 15:51:03.240"></status>
</kw>
<msg timestamp="20201007 15:51:03.240" level="INFO">${condition} = FAIL</msg>
<msg timestamp="20201007 15:51:03.240" level="INFO">${file_name} = Element with locator 'xpath:/html[1]/body[1]/div[1]/div[1]/div[3]/div[1]/div[1]/table[3]/tbody[1]/tr[1]/td[1]/table[1]/tbody[1]/tr[2]/td[1]/div[1]/div[1]/div[1]/table[1]/tbody[1]/tr[4]/td[2]' not foun...</msg>
<status status="PASS" starttime="20201007 15:51:03.230" endtime="20201007 15:51:03.241"></status>
</kw>
<kw name="Run Keyword If" library="BuiltIn">
<doc>Runs the given keyword with the given arguments, if ``condition`` is true.</doc>
<arguments>
<arg>'${condition}'=='FAIL'</arg>
<arg>run keyword and ignore error</arg>
<arg>get text</arg>
<arg>xpath:/html[1]/body[1]/div[1]/div[1]/div[3]/div[1]/div[1]/table[3]/tbody[1]/tr[1]/td[1]/table[1]/tbody[1]/tr[2]/td[1]/div[1]/div[1]/div[1]/table[1]/tbody[1]/tr[5]/td[2]</arg>
</arguments>
<assign>
<var>${status}</var>
<var>${file_name2}</var>
</assign>
<kw name="Run Keyword And Ignore Error" library="BuiltIn">
<doc>Runs the given keyword with the given arguments and ignores possible error.</doc>
<arguments>
<arg>get text</arg>
<arg>xpath:/html[1]/body[1]/div[1]/div[1]/div[3]/div[1]/div[1]/table[3]/tbody[1]/tr[1]/td[1]/table[1]/tbody[1]/tr[2]/td[1]/div[1]/div[1]/div[1]/table[1]/tbody[1]/tr[5]/td[2]</arg>
</arguments>
<kw name="Get Text" library="Selenium2Library">
<doc>Returns the text value of the element identified by ``locator``.</doc>
<arguments>
<arg>xpath:/html[1]/body[1]/div[1]/div[1]/div[3]/div[1]/div[1]/table[3]/tbody[1]/tr[1]/td[1]/table[1]/tbody[1]/tr[2]/td[1]/div[1]/div[1]/div[1]/table[1]/tbody[1]/tr[5]/td[2]</arg>
</arguments>
<status status="PASS" starttime="20201007 15:51:03.243" endtime="20201007 15:51:03.266"></status>
</kw>
<status status="PASS" starttime="20201007 15:51:03.242" endtime="20201007 15:51:03.266"></status>
</kw>
<msg timestamp="20201007 15:51:03.267" level="INFO">${status} = PASS</msg>
<msg timestamp="20201007 15:51:03.267" level="INFO">${file_name2} = MLNX_OFED_LINUX-5.1-2.3.7.1-rhel7.5-x86_64.tar.gz (359 MB)</msg>
<status status="PASS" starttime="20201007 15:51:03.241" endtime="20201007 15:51:03.267"></status>
</kw>
<kw name="Run Keyword And Return Status" library="BuiltIn">
<doc>Runs the given keyword with given arguments and returns the status as a Boolean value.</doc>
<arguments>
<arg>should contain</arg>
<arg>${file_name2}</arg>
<arg>.compsig</arg>
</arguments>
<assign>
<var>${compsig_status}</var>
</assign>
<kw name="Should Contain" library="BuiltIn">
<doc>Fails if ``container`` does not contain ``item`` one or more times.</doc>
<arguments>
<arg>${file_name2}</arg>
<arg>.compsig</arg>
</arguments>
<msg timestamp="20201007 15:51:03.268" level="FAIL">'MLNX_OFED_LINUX-5.1-2.3.7.1-rhel7.5-x86_64.tar.gz (359 MB)' does not contain '.compsig'</msg>
<status status="FAIL" starttime="20201007 15:51:03.267" endtime="20201007 15:51:03.268"></status>
</kw>
<msg timestamp="20201007 15:51:03.268" level="INFO">${compsig_status} = False</msg>
<status status="PASS" starttime="20201007 15:51:03.267" endtime="20201007 15:51:03.268"></status>
</kw>
<kw name="Run Keyword If" library="BuiltIn">
<doc>Runs the given keyword with the given arguments, if ``condition`` is true.</doc>
<arguments>
<arg>${compsig_status}==True</arg>
<arg>run keyword and ignore error</arg>
<arg>get text</arg>
<arg>xpath:/html[1]/body[1]/div[1]/div[1]/div[3]/div[1]/div[1]/table[3]/tbody[1]/tr[1]/td[1]/table[1]/tbody[1]/tr[2]/td[1]/div[1]/div[1]/div[1]/table[1]/tbody[1]/tr[6]/td[2]</arg>
</arguments>
<assign>
<var>${status2}</var>
<var>${file_name3}</var>
</assign>
<msg timestamp="20201007 15:51:03.269" level="INFO">${status2} = None</msg>
<msg timestamp="20201007 15:51:03.269" level="INFO">${file_name3} = None</msg>
<status status="PASS" starttime="20201007 15:51:03.268" endtime="20201007 15:51:03.269"></status>
</kw>
<kw name="Run Keyword If" library="BuiltIn">
<doc>Runs the given keyword with the given arguments, if ``condition`` is true.</doc>
<arguments>
<arg>${compsig_status}==True</arg>
<arg>set test variable</arg>
<arg>${file_name2}</arg>
<arg>${file_name3}</arg>
</arguments>
<status status="PASS" starttime="20201007 15:51:03.269" endtime="20201007 15:51:03.270"></status>
</kw>
<kw name="Run Keyword If" library="BuiltIn">
<doc>Runs the given keyword with the given arguments, if ``condition`` is true.</doc>
<arguments>
<arg>'${condition}'=='PASS'</arg>
<arg>set test variable</arg>
<arg>${file_name2}</arg>
<arg>${file_name}</arg>
</arguments>
<status status="PASS" starttime="20201007 15:51:03.270" endtime="20201007 15:51:03.270"></status>
</kw>
<kw name="Run Keyword If" library="BuiltIn">
<doc>Runs the given keyword with the given arguments, if ``condition`` is true.</doc>
<arguments>
<arg>'${status}'=='FAIL'</arg>
<arg>set test variable</arg>
<arg>${file_name2}</arg>
<arg>Not Found</arg>
</arguments>
<status status="PASS" starttime="20201007 15:51:03.271" endtime="20201007 15:51:03.271"></status>
</kw>
<kw name="Log To Console" library="BuiltIn">
<doc>Logs the given message to the console.</doc>
<arguments>
<arg>condition_${condition}</arg>
</arguments>
<status status="PASS" starttime="20201007 15:51:03.271" endtime="20201007 15:51:03.272"></status>
</kw>
<kw name="Log To Console" library="BuiltIn">
<doc>Logs the given message to the console.</doc>
<arguments>
<arg>file_${file_name2}</arg>
</arguments>
<status status="PASS" starttime="20201007 15:51:03.272" endtime="20201007 15:51:03.273"></status>
</kw>
<kw name="Log To Console" library="BuiltIn">
<doc>Logs the given message to the console.</doc>
<arguments>
<arg>stat_${status}</arg>
</arguments>
<status status="PASS" starttime="20201007 15:51:03.273" endtime="20201007 15:51:03.274"></status>
</kw>
<status status="PASS" starttime="20201007 15:51:03.229" endtime="20201007 15:51:03.275"></status>
</kw>
<msg timestamp="20201007 15:51:03.275" level="INFO">${file_name2} = MLNX_OFED_LINUX-5.1-2.3.7.1-rhel7.5-x86_64.tar.gz (359 MB)</msg>
<status status="PASS" starttime="20201007 15:51:03.229" endtime="20201007 15:51:03.275"></status>
</kw>
<kw name="Run Keyword If" library="BuiltIn">
<doc>Runs the given keyword with the given arguments, if ``condition`` is true.</doc>
<arguments>
<arg>${err}=='FAIL'</arg>
<arg>set test variable</arg>
<arg>${file_name2}</arg>
<arg>${space}</arg>
</arguments>
<status status="PASS" starttime="20201007 15:51:03.276" endtime="20201007 15:51:03.277"></status>
</kw>
<kw name="Append To List" library="Collections">
<doc>Adds ``values`` to the end of ``list``.</doc>
<arguments>
<arg>${content}</arg>
<arg>${inc}</arg>
<arg>0</arg>
<arg>${part}[${inc}]</arg>
<arg>${flag}</arg>
</arguments>
<status status="PASS" starttime="20201007 15:51:03.277" endtime="20201007 15:51:03.278"></status>
</kw>
<kw name="Append To List" library="Collections">
<doc>Adds ``values`` to the end of ``list``.</doc>
<arguments>
<arg>${content}</arg>
<arg>${inc}</arg>
<arg>1</arg>
<arg>${product}[${inc}]</arg>
<arg>${flag}</arg>
</arguments>
<status status="PASS" starttime="20201007 15:51:03.278" endtime="20201007 15:51:03.279"></status>
</kw>
<kw name="Append To List" library="Collections">
<doc>Adds ``values`` to the end of ``list``.</doc>
<arguments>
<arg>${content}</arg>
<arg>${inc}</arg>
<arg>2</arg>
<arg>${date}[${inc}]</arg>
<arg>${flag}</arg>
</arguments>
<status status="PASS" starttime="20201007 15:51:03.279" endtime="20201007 15:51:03.280"></status>
</kw>
<kw name="Append To List" library="Collections">
<doc>Adds ``values`` to the end of ``list``.</doc>
<arguments>
<arg>${content}</arg>
<arg>${inc}</arg>
<arg>3</arg>
<arg>${version}[${inc}]</arg>
<arg>${flag}</arg>
</arguments>
<status status="PASS" starttime="20201007 15:51:03.280" endtime="20201007 15:51:03.281"></status>
</kw>
<kw name="Append To List" library="Collections">
<doc>Adds ``values`` to the end of ``list``.</doc>
<arguments>
<arg>${content}</arg>
<arg>${inc}</arg>
<arg>4</arg>
<arg>${os}[${inc}]</arg>
<arg>${flag}</arg>
</arguments>
<status status="PASS" starttime="20201007 15:51:03.281" endtime="20201007 15:51:03.282"></status>
</kw>
<kw name="Append To List" library="Collections">
<doc>Adds ``values`` to the end of ``list``.</doc>
<arguments>
<arg>${content}</arg>
<arg>${inc}</arg>
<arg>5</arg>
<arg>${file_name2}</arg>
<arg>${flag}</arg>
</arguments>
<status status="PASS" starttime="20201007 15:51:03.282" endtime="20201007 15:51:03.282"></status>
</kw>
<kw name="Append To List" library="Collections">
<doc>Adds ``values`` to the end of ``list``.</doc>
<arguments>
<arg>${content}</arg>
<arg>${inc}</arg>
<arg>6</arg>
<arg>${download}[${inc}]</arg>
<arg>${flag}</arg>
</arguments>
<status status="PASS" starttime="20201007 15:51:03.283" endtime="20201007 15:51:03.284"></status>
</kw>
<kw name="Append To List" library="Collections">
<doc>Adds ``values`` to the end of ``list``.</doc>
<arguments>
<arg>${content}</arg>
<arg>${inc}</arg>
<arg>7</arg>
<arg>${description}[${inc}]</arg>
<arg>${flag}</arg>
</arguments>
<status status="PASS" starttime="20201007 15:51:03.284" endtime="20201007 15:51:03.284"></status>
</kw>
<kw name="Append To List" library="Collections">
<doc>Adds ``values`` to the end of ``list``.</doc>
<arguments>
<arg>${content}</arg>
<arg>${inc}</arg>
<arg>8</arg>
<arg>${severity}[${inc}]</arg>
<arg>${flag}</arg>
</arguments>
<status status="PASS" starttime="20201007 15:51:03.285" endtime="20201007 15:51:03.285"></status>
</kw>
<kw name="Log To Console" library="BuiltIn">
<doc>Logs the given message to the console.</doc>
<arguments>
<arg>${content}</arg>
</arguments>
<status status="PASS" starttime="20201007 15:51:03.286" endtime="20201007 15:51:03.287"></status>
</kw>
<status status="PASS" starttime="20201007 15:50:54.319" endtime="20201007 15:51:03.287"></status>
</kw>
<kw name="${inc} = 4" type="foritem">
<kw name="Log To Console" library="BuiltIn">
<doc>Logs the given message to the console.</doc>
<arguments>
<arg>${inc}</arg>
</arguments>
<status status="PASS" starttime="20201007 15:51:03.288" endtime="20201007 15:51:03.288"></status>
</kw>
<kw name="Run Keyword And Ignore Error" library="BuiltIn">
<doc>Runs the given keyword with the given arguments and ignores possible error.</doc>
<arguments>
<arg>Test Launch</arg>
<arg>${inc}</arg>
<arg>${download}</arg>
</arguments>
<assign>
<var>${err}</var>
</assign>
<kw name="Test Launch">
<arguments>
<arg>${inc}</arg>
<arg>${download}</arg>
</arguments>
<kw name="${val} IN RANGE [ 0 | 5 ]" type="for">
<msg timestamp="20201007 15:51:03.292" level="WARN">Error in file 'C:\Users\ssumanth\Desktop\Automation\Fabrics_Audit_Automation\Version 2\Cards\fetch_file.robot' in FOR loop starting on line 76: For loop header ':For' is deprecated. Use 'FOR' instead.</msg>
<msg timestamp="20201007 15:51:03.293" level="WARN">Error in file 'C:\Users\ssumanth\Desktop\Automation\Fabrics_Audit_Automation\Version 2\Cards\fetch_file.robot' in FOR loop starting on line 76: Marking for loop body with '\' is deprecated. Remove markers and use 'END' instead.</msg>
<kw name="${val} = 0" type="foritem">
<kw name="Run Keyword And Ignore Error" library="BuiltIn">
<doc>Runs the given keyword with the given arguments and ignores possible error.</doc>
<arguments>
<arg>go to</arg>
<arg>${download}[${inc}]</arg>
</arguments>
<assign>
<var>${err}</var>
</assign>
<kw name="Go To" library="Selenium2Library">
<doc>Navigates the current browser window to the provided ``url``.</doc>
<arguments>
<arg>${download}[${inc}]</arg>
</arguments>
<msg timestamp="20201007 15:51:03.296" level="INFO">Opening url 'https://support.hpe.com/hpsc/swd/public/detail?swItemId=MTX_3ea353d151564a62b7b3f5e898'</msg>
<status status="PASS" starttime="20201007 15:51:03.296" endtime="20201007 15:51:06.503"></status>
</kw>
<msg timestamp="20201007 15:51:06.503" level="INFO">${err} = ('PASS', None)</msg>
<status status="PASS" starttime="20201007 15:51:03.295" endtime="20201007 15:51:06.503"></status>
</kw>
<kw name="Run Keyword If" library="BuiltIn">
<doc>Runs the given keyword with the given arguments, if ``condition`` is true.</doc>
<arguments>
<arg>'${download}[${inc}]'==''</arg>
<arg>FAIL</arg>
</arguments>
<status status="PASS" starttime="20201007 15:51:06.503" endtime="20201007 15:51:06.504"></status>
</kw>
<kw name="Log To Console" library="BuiltIn">
<doc>Logs the given message to the console.</doc>
<arguments>
<arg>link_${download}[${inc}]</arg>
</arguments>
<status status="PASS" starttime="20201007 15:51:06.504" endtime="20201007 15:51:06.506"></status>
</kw>
<kw name="Sleep" library="BuiltIn">
<doc>Pauses the test executed for the given time.</doc>
<arguments>
<arg>5</arg>
</arguments>
<msg timestamp="20201007 15:51:11.508" level="INFO">Slept 5 seconds</msg>
<status status="PASS" starttime="20201007 15:51:06.507" endtime="20201007 15:51:11.508"></status>
</kw>
<kw name="Run Keyword And Return Status" library="BuiltIn">
<doc>Runs the given keyword with given arguments and returns the status as a Boolean value.</doc>
<arguments>
<arg>Page should contain</arg>
<arg>File name</arg>
</arguments>
<assign>
<var>${stat}</var>
</assign>
<kw name="Page Should Contain" library="Selenium2Library">
<doc>Verifies that current page contains ``text``.</doc>
<arguments>
<arg>File name</arg>
</arguments>
<msg timestamp="20201007 15:51:11.548" level="INFO">Current page contains text 'File name'.</msg>
<status status="PASS" starttime="20201007 15:51:11.509" endtime="20201007 15:51:11.548"></status>
</kw>
<msg timestamp="20201007 15:51:11.549" level="INFO">${stat} = True</msg>
<status status="PASS" starttime="20201007 15:51:11.508" endtime="20201007 15:51:11.549"></status>
</kw>
<kw name="Log To Console" library="BuiltIn">
<doc>Logs the given message to the console.</doc>
<arguments>
<arg>${stat}</arg>
</arguments>
<status status="PASS" starttime="20201007 15:51:11.549" endtime="20201007 15:51:11.550"></status>
</kw>
<kw name="Exit For Loop If" library="BuiltIn">
<doc>Stops executing the enclosing for loop if the ``condition`` is true.</doc>
<arguments>
<arg>${stat}==True</arg>
</arguments>
<msg timestamp="20201007 15:51:11.550" level="INFO">Exiting for loop altogether.</msg>
<status status="PASS" starttime="20201007 15:51:11.550" endtime="20201007 15:51:11.551"></status>
</kw>
<status status="PASS" starttime="20201007 15:51:03.295" endtime="20201007 15:51:11.551"></status>
</kw>
<status status="PASS" starttime="20201007 15:51:03.292" endtime="20201007 15:51:11.551"></status>
</kw>
<status status="PASS" starttime="20201007 15:51:03.289" endtime="20201007 15:51:11.551"></status>
</kw>
<msg timestamp="20201007 15:51:11.551" level="INFO">${err} = ('PASS', None)</msg>
<status status="PASS" starttime="20201007 15:51:03.289" endtime="20201007 15:51:11.551"></status>
</kw>
<kw name="Run Keyword If" library="BuiltIn">
<doc>Runs the given keyword with the given arguments, if ``condition`` is true.</doc>
<arguments>
<arg>'${err}[0]'=='PASS'</arg>
<arg>Test continue</arg>
</arguments>
<assign>
<var>${file_name2}</var>
</assign>
<kw name="Test continue">
<kw name="Run Keyword And Ignore Error" library="BuiltIn">
<doc>Runs the given keyword with the given arguments and ignores possible error.</doc>
<arguments>
<arg>get text</arg>
<arg>xpath:/html[1]/body[1]/div[1]/div[1]/div[3]/div[1]/div[1]/table[3]/tbody[1]/tr[1]/td[1]/table[1]/tbody[1]/tr[2]/td[1]/div[1]/div[1]/div[1]/table[1]/tbody[1]/tr[4]/td[2]</arg>
</arguments>
<assign>
<var>${condition}</var>
<var>${file_name}</var>
</assign>
<kw name="Get Text" library="Selenium2Library">
<doc>Returns the text value of the element identified by ``locator``.</doc>
<arguments>
<arg>xpath:/html[1]/body[1]/div[1]/div[1]/div[3]/div[1]/div[1]/table[3]/tbody[1]/tr[1]/td[1]/table[1]/tbody[1]/tr[2]/td[1]/div[1]/div[1]/div[1]/table[1]/tbody[1]/tr[4]/td[2]</arg>
</arguments>
<msg timestamp="20201007 15:51:11.562" level="FAIL">Element with locator 'xpath:/html[1]/body[1]/div[1]/div[1]/div[3]/div[1]/div[1]/table[3]/tbody[1]/tr[1]/td[1]/table[1]/tbody[1]/tr[2]/td[1]/div[1]/div[1]/div[1]/table[1]/tbody[1]/tr[4]/td[2]' not found.</msg>
<status status="FAIL" starttime="20201007 15:51:11.553" endtime="20201007 15:51:11.562"></status>
</kw>
<msg timestamp="20201007 15:51:11.562" level="INFO">${condition} = FAIL</msg>
<msg timestamp="20201007 15:51:11.562" level="INFO">${file_name} = Element with locator 'xpath:/html[1]/body[1]/div[1]/div[1]/div[3]/div[1]/div[1]/table[3]/tbody[1]/tr[1]/td[1]/table[1]/tbody[1]/tr[2]/td[1]/div[1]/div[1]/div[1]/table[1]/tbody[1]/tr[4]/td[2]' not foun...</msg>
<status status="PASS" starttime="20201007 15:51:11.553" endtime="20201007 15:51:11.562"></status>
</kw>
<kw name="Run Keyword If" library="BuiltIn">
<doc>Runs the given keyword with the given arguments, if ``condition`` is true.</doc>
<arguments>
<arg>'${condition}'=='FAIL'</arg>
<arg>run keyword and ignore error</arg>
<arg>get text</arg>
<arg>xpath:/html[1]/body[1]/div[1]/div[1]/div[3]/div[1]/div[1]/table[3]/tbody[1]/tr[1]/td[1]/table[1]/tbody[1]/tr[2]/td[1]/div[1]/div[1]/div[1]/table[1]/tbody[1]/tr[5]/td[2]</arg>
</arguments>
<assign>
<var>${status}</var>
<var>${file_name2}</var>
</assign>
<kw name="Run Keyword And Ignore Error" library="BuiltIn">
<doc>Runs the given keyword with the given arguments and ignores possible error.</doc>
<arguments>
<arg>get text</arg>
<arg>xpath:/html[1]/body[1]/div[1]/div[1]/div[3]/div[1]/div[1]/table[3]/tbody[1]/tr[1]/td[1]/table[1]/tbody[1]/tr[2]/td[1]/div[1]/div[1]/div[1]/table[1]/tbody[1]/tr[5]/td[2]</arg>
</arguments>
<kw name="Get Text" library="Selenium2Library">
<doc>Returns the text value of the element identified by ``locator``.</doc>
<arguments>
<arg>xpath:/html[1]/body[1]/div[1]/div[1]/div[3]/div[1]/div[1]/table[3]/tbody[1]/tr[1]/td[1]/table[1]/tbody[1]/tr[2]/td[1]/div[1]/div[1]/div[1]/table[1]/tbody[1]/tr[5]/td[2]</arg>
</arguments>
<status status="PASS" starttime="20201007 15:51:11.564" endtime="20201007 15:51:11.585"></status>
</kw>
<status status="PASS" starttime="20201007 15:51:11.563" endtime="20201007 15:51:11.585"></status>
</kw>
<msg timestamp="20201007 15:51:11.586" level="INFO">${status} = PASS</msg>
<msg timestamp="20201007 15:51:11.586" level="INFO">${file_name2} = MLNX_OFED_LINUX-5.1-2.3.7.1-rhel8.0-x86_64.tar.gz (369 MB)</msg>
<status status="PASS" starttime="20201007 15:51:11.563" endtime="20201007 15:51:11.586"></status>
</kw>
<kw name="Run Keyword And Return Status" library="BuiltIn">
<doc>Runs the given keyword with given arguments and returns the status as a Boolean value.</doc>
<arguments>
<arg>should contain</arg>
<arg>${file_name2}</arg>
<arg>.compsig</arg>
</arguments>
<assign>
<var>${compsig_status}</var>
</assign>
<kw name="Should Contain" library="BuiltIn">
<doc>Fails if ``container`` does not contain ``item`` one or more times.</doc>
<arguments>
<arg>${file_name2}</arg>
<arg>.compsig</arg>
</arguments>
<msg timestamp="20201007 15:51:11.588" level="FAIL">'MLNX_OFED_LINUX-5.1-2.3.7.1-rhel8.0-x86_64.tar.gz (369 MB)' does not contain '.compsig'</msg>
<status status="FAIL" starttime="20201007 15:51:11.587" endtime="20201007 15:51:11.588"></status>
</kw>
<msg timestamp="20201007 15:51:11.589" level="INFO">${compsig_status} = False</msg>
<status status="PASS" starttime="20201007 15:51:11.586" endtime="20201007 15:51:11.589"></status>
</kw>
<kw name="Run Keyword If" library="BuiltIn">
<doc>Runs the given keyword with the given arguments, if ``condition`` is true.</doc>
<arguments>
<arg>${compsig_status}==True</arg>
<arg>run keyword and ignore error</arg>
<arg>get text</arg>
<arg>xpath:/html[1]/body[1]/div[1]/div[1]/div[3]/div[1]/div[1]/table[3]/tbody[1]/tr[1]/td[1]/table[1]/tbody[1]/tr[2]/td[1]/div[1]/div[1]/div[1]/table[1]/tbody[1]/tr[6]/td[2]</arg>
</arguments>
<assign>
<var>${status2}</var>
<var>${file_name3}</var>
</assign>
<msg timestamp="20201007 15:51:11.590" level="INFO">${status2} = None</msg>
<msg timestamp="20201007 15:51:11.590" level="INFO">${file_name3} = None</msg>
<status status="PASS" starttime="20201007 15:51:11.589" endtime="20201007 15:51:11.590"></status>
</kw>
<kw name="Run Keyword If" library="BuiltIn">
<doc>Runs the given keyword with the given arguments, if ``condition`` is true.</doc>
<arguments>
<arg>${compsig_status}==True</arg>
<arg>set test variable</arg>
<arg>${file_name2}</arg>
<arg>${file_name3}</arg>
</arguments>
<status status="PASS" starttime="20201007 15:51:11.591" endtime="20201007 15:51:11.591"></status>
</kw>
<kw name="Run Keyword If" library="BuiltIn">
<doc>Runs the given keyword with the given arguments, if ``condition`` is true.</doc>
<arguments>
<arg>'${condition}'=='PASS'</arg>
<arg>set test variable</arg>
<arg>${file_name2}</arg>
<arg>${file_name}</arg>
</arguments>
<status status="PASS" starttime="20201007 15:51:11.592" endtime="20201007 15:51:11.592"></status>
</kw>
<kw name="Run Keyword If" library="BuiltIn">
<doc>Runs the given keyword with the given arguments, if ``condition`` is true.</doc>
<arguments>
<arg>'${status}'=='FAIL'</arg>
<arg>set test variable</arg>
<arg>${file_name2}</arg>
<arg>Not Found</arg>
</arguments>
<status status="PASS" starttime="20201007 15:51:11.592" endtime="20201007 15:51:11.593"></status>
</kw>
<kw name="Log To Console" library="BuiltIn">
<doc>Logs the given message to the console.</doc>
<arguments>
<arg>condition_${condition}</arg>
</arguments>
<status status="PASS" starttime="20201007 15:51:11.593" endtime="20201007 15:51:11.594"></status>
</kw>
<kw name="Log To Console" library="BuiltIn">
<doc>Logs the given message to the console.</doc>
<arguments>
<arg>file_${file_name2}</arg>
</arguments>
<status status="PASS" starttime="20201007 15:51:11.594" endtime="20201007 15:51:11.595"></status>
</kw>
<kw name="Log To Console" library="BuiltIn">
<doc>Logs the given message to the console.</doc>
<arguments>
<arg>stat_${status}</arg>
</arguments>
<status status="PASS" starttime="20201007 15:51:11.595" endtime="20201007 15:51:11.596"></status>
</kw>
<status status="PASS" starttime="20201007 15:51:11.552" endtime="20201007 15:51:11.597"></status>
</kw>
<msg timestamp="20201007 15:51:11.597" level="INFO">${file_name2} = MLNX_OFED_LINUX-5.1-2.3.7.1-rhel8.0-x86_64.tar.gz (369 MB)</msg>
<status status="PASS" starttime="20201007 15:51:11.551" endtime="20201007 15:51:11.597"></status>
</kw>
<kw name="Run Keyword If" library="BuiltIn">
<doc>Runs the given keyword with the given arguments, if ``condition`` is true.</doc>
<arguments>
<arg>${err}=='FAIL'</arg>
<arg>set test variable</arg>
<arg>${file_name2}</arg>
<arg>${space}</arg>
</arguments>
<status status="PASS" starttime="20201007 15:51:11.597" endtime="20201007 15:51:11.598"></status>
</kw>
<kw name="Append To List" library="Collections">
<doc>Adds ``values`` to the end of ``list``.</doc>
<arguments>
<arg>${content}</arg>
<arg>${inc}</arg>
<arg>0</arg>
<arg>${part}[${inc}]</arg>
<arg>${flag}</arg>
</arguments>
<status status="PASS" starttime="20201007 15:51:11.598" endtime="20201007 15:51:11.599"></status>
</kw>
<kw name="Append To List" library="Collections">
<doc>Adds ``values`` to the end of ``list``.</doc>
<arguments>
<arg>${content}</arg>
<arg>${inc}</arg>
<arg>1</arg>
<arg>${product}[${inc}]</arg>
<arg>${flag}</arg>
</arguments>
<status status="PASS" starttime="20201007 15:51:11.599" endtime="20201007 15:51:11.600"></status>
</kw>
<kw name="Append To List" library="Collections">
<doc>Adds ``values`` to the end of ``list``.</doc>
<arguments>
<arg>${content}</arg>
<arg>${inc}</arg>
<arg>2</arg>
<arg>${date}[${inc}]</arg>
<arg>${flag}</arg>
</arguments>
<status status="PASS" starttime="20201007 15:51:11.600" endtime="20201007 15:51:11.601"></status>
</kw>
<kw name="Append To List" library="Collections">
<doc>Adds ``values`` to the end of ``list``.</doc>
<arguments>
<arg>${content}</arg>
<arg>${inc}</arg>
<arg>3</arg>
<arg>${version}[${inc}]</arg>
<arg>${flag}</arg>
</arguments>
<status status="PASS" starttime="20201007 15:51:11.601" endtime="20201007 15:51:11.602"></status>
</kw>
<kw name="Append To List" library="Collections">
<doc>Adds ``values`` to the end of ``list``.</doc>
<arguments>
<arg>${content}</arg>
<arg>${inc}</arg>
<arg>4</arg>
<arg>${os}[${inc}]</arg>
<arg>${flag}</arg>
</arguments>
<status status="PASS" starttime="20201007 15:51:11.602" endtime="20201007 15:51:11.603"></status>
</kw>
<kw name="Append To List" library="Collections">
<doc>Adds ``values`` to the end of ``list``.</doc>
<arguments>
<arg>${content}</arg>
<arg>${inc}</arg>
<arg>5</arg>
<arg>${file_name2}</arg>
<arg>${flag}</arg>
</arguments>
<status status="PASS" starttime="20201007 15:51:11.603" endtime="20201007 15:51:11.604"></status>
</kw>
<kw name="Append To List" library="Collections">
<doc>Adds ``values`` to the end of ``list``.</doc>
<arguments>
<arg>${content}</arg>
<arg>${inc}</arg>
<arg>6</arg>
<arg>${download}[${inc}]</arg>
<arg>${flag}</arg>
</arguments>
<status status="PASS" starttime="20201007 15:51:11.604" endtime="20201007 15:51:11.606"></status>
</kw>
<kw name="Append To List" library="Collections">
<doc>Adds ``values`` to the end of ``list``.</doc>
<arguments>
<arg>${content}</arg>
<arg>${inc}</arg>
<arg>7</arg>
<arg>${description}[${inc}]</arg>
<arg>${flag}</arg>
</arguments>
<status status="PASS" starttime="20201007 15:51:11.606" endtime="20201007 15:51:11.607"></status>
</kw>
<kw name="Append To List" library="Collections">
<doc>Adds ``values`` to the end of ``list``.</doc>
<arguments>
<arg>${content}</arg>
<arg>${inc}</arg>
<arg>8</arg>
<arg>${severity}[${inc}]</arg>
<arg>${flag}</arg>
</arguments>
[...]
<msg timestamp="20201007 15:51:52.656" level="WARN">Error in file 'C:\Users\ssumanth\Desktop\Automation\Fabrics_Audit_Automation\Version 2\Cards\fetch_file.robot' in FOR loop starting on line 76: Marking for loop body with '\' is deprecated. Remove markers and use 'END' instead.</msg>
<msg timestamp="20201007 15:52:00.646" level="WARN">Error in file 'C:\Users\ssumanth\Desktop\Automation\Fabrics_Audit_Automation\Version 2\Cards\fetch_file.robot' in FOR loop starting on line 76: For loop header ':For' is deprecated. Use 'FOR' instead.</msg>
<msg timestamp="20201007 15:52:00.648" level="WARN">Error in file 'C:\Users\ssumanth\Desktop\Automation\Fabrics_Audit_Automation\Version 2\Cards\fetch_file.robot' in FOR loop starting on line 76: Marking for loop body with '\' is deprecated. Remove markers and use 'END' instead.</msg>
<msg timestamp="20201007 15:52:08.672" level="WARN">Error in file 'C:\Users\ssumanth\Desktop\Automation\Fabrics_Audit_Automation\Version 2\Cards\fetch_file.robot' in FOR loop starting on line 76: For loop header ':For' is deprecated. Use 'FOR' instead.</msg>
<msg timestamp="20201007 15:52:08.673" level="WARN">Error in file 'C:\Users\ssumanth\Desktop\Automation\Fabrics_Audit_Automation\Version 2\Cards\fetch_file.robot' in FOR loop starting on line 76: Marking for loop body with '\' is deprecated. Remove markers and use 'END' instead.</msg>
<msg timestamp="20201007 15:52:16.709" level="WARN">Error in file 'C:\Users\ssumanth\Desktop\Automation\Fabrics_Audit_Automation\Version 2\Cards\fetch_file.robot' in FOR loop starting on line 76: For loop header ':For' is deprecated. Use 'FOR' instead.</msg>
<msg timestamp="20201007 15:52:16.711" level="WARN">Error in file 'C:\Users\ssumanth\Desktop\Automation\Fabrics_Audit_Automation\Version 2\Cards\fetch_file.robot' in FOR loop starting on line 76: Marking for loop body with '\' is deprecated. Remove markers and use 'END' instead.</msg>
<msg timestamp="20201007 15:52:25.005" level="WARN">Error in file 'C:\Users\ssumanth\Desktop\Automation\Fabrics_Audit_Automation\Version 2\Cards\fetch_file.robot' in FOR loop starting on line 76: For loop header ':For' is deprecated. Use 'FOR' instead.</msg>
<msg timestamp="20201007 15:52:25.007" level="WARN">Error in file 'C:\Users\ssumanth\Desktop\Automation\Fabrics_Audit_Automation\Version 2\Cards\fetch_file.robot' in FOR loop starting on line 76: Marking for loop body with '\' is deprecated. Remove markers and use 'END' instead.</msg>
<msg timestamp="20201007 15:52:33.558" level="WARN">Error in file 'C:\Users\ssumanth\Desktop\Automation\Fabrics_Audit_Automation\Version 2\Cards\fetch_file.robot' in FOR loop starting on line 76: For loop header ':For' is deprecated. Use 'FOR' instead.</msg>
<msg timestamp="20201007 15:52:33.560" level="WARN">Error in file 'C:\Users\ssumanth\Desktop\Automation\Fabrics_Audit_Automation\Version 2\Cards\fetch_file.robot' in FOR loop starting on line 76: Marking for loop body with '\' is deprecated. Remove markers and use 'END' instead.</msg>
<msg timestamp="20201007 15:52:42.234" level="WARN">Error in file 'C:\Users\ssumanth\Desktop\Automation\Fabrics_Audit_Automation\Version 2\Cards\fetch_file.robot' in FOR loop starting on line 76: For loop header ':For' is deprecated. Use 'FOR' instead.</msg>
<msg timestamp="20201007 15:52:42.245" level="WARN">Error in file 'C:\Users\ssumanth\Desktop\Automation\Fabrics_Audit_Automation\Version 2\Cards\fetch_file.robot' in FOR loop starting on line 76: Marking for loop body with '\' is deprecated. Remove markers and use 'END' instead.</msg>
<msg timestamp="20201007 15:52:50.961" level="WARN">Error in file 'C:\Users\ssumanth\Desktop\Automation\Fabrics_Audit_Automation\Version 2\Cards\fetch_file.robot' in FOR loop starting on line 76: For loop header ':For' is deprecated. Use 'FOR' instead.</msg>
<msg timestamp="20201007 15:52:50.963" level="WARN">Error in file 'C:\Users\ssumanth\Desktop\Automation\Fabrics_Audit_Automation\Version 2\Cards\fetch_file.robot' in FOR loop starting on line 76: Marking for loop body with '\' is deprecated. Remove markers and use 'END' instead.</msg>
<msg timestamp="20201007 15:53:00.180" level="WARN">Error in file 'C:\Users\ssumanth\Desktop\Automation\Fabrics_Audit_Automation\Version 2\Cards\fetch_file.robot' in FOR loop starting on line 76: For loop header ':For' is deprecated. Use 'FOR' instead.</msg>
<msg timestamp="20201007 15:53:00.182" level="WARN">Error in file 'C:\Users\ssumanth\Desktop\Automation\Fabrics_Audit_Automation\Version 2\Cards\fetch_file.robot' in FOR loop starting on line 76: Marking for loop body with '\' is deprecated. Remove markers and use 'END' instead.</msg>
<msg timestamp="20201007 15:53:08.130" level="WARN">Error in file 'C:\Users\ssumanth\Desktop\Automation\Fabrics_Audit_Automation\Version 2\Cards\fetch_file.robot' in FOR loop starting on line 76: For loop header ':For' is deprecated. Use 'FOR' instead.</msg>
<msg timestamp="20201007 15:53:08.133" level="WARN">Error in file 'C:\Users\ssumanth\Desktop\Automation\Fabrics_Audit_Automation\Version 2\Cards\fetch_file.robot' in FOR loop starting on line 76: Marking for loop body with '\' is deprecated. Remove markers and use 'END' instead.</msg>
<msg timestamp="20201007 15:53:15.979" level="WARN">Error in file 'C:\Users\ssumanth\Desktop\Automation\Fabrics_Audit_Automation\Version 2\Cards\fetch_file.robot' in FOR loop starting on line 76: For loop header ':For' is deprecated. Use 'FOR' instead.</msg>
<msg timestamp="20201007 15:53:15.980" level="WARN">Error in file 'C:\Users\ssumanth\Desktop\Automation\Fabrics_Audit_Automation\Version 2\Cards\fetch_file.robot' in FOR loop starting on line 76: Marking for loop body with '\' is deprecated. Remove markers and use 'END' instead.</msg>
<msg timestamp="20201007 15:53:24.559" level="WARN">Error in file 'C:\Users\ssumanth\Desktop\Automation\Fabrics_Audit_Automation\Version 2\Cards\fetch_file.robot' in FOR loop starting on line 76: For loop header ':For' is deprecated. Use 'FOR' instead.</msg>
<msg timestamp="20201007 15:53:24.573" level="WARN">Error in file 'C:\Users\ssumanth\Desktop\Automation\Fabrics_Audit_Automation\Version 2\Cards\fetch_file.robot' in FOR loop starting on line 76: Marking for loop body with '\' is deprecated. Remove markers and use 'END' instead.</msg>
<msg timestamp="20201007 15:53:33.136" level="WARN">Error in file 'C:\Users\ssumanth\Desktop\Automation\Fabrics_Audit_Automation\Version 2\Cards\fetch_file.robot' in FOR loop starting on line 76: For loop header ':For' is deprecated. Use 'FOR' instead.</msg>
<msg timestamp="20201007 15:53:33.145" level="WARN">Error in file 'C:\Users\ssumanth\Desktop\Automation\Fabrics_Audit_Automation\Version 2\Cards\fetch_file.robot' in FOR loop starting on line 76: Marking for loop body with '\' is deprecated. Remove markers and use 'END' instead.</msg>
<msg timestamp="20201007 15:53:41.751" level="WARN">Error in file 'C:\Users\ssumanth\Desktop\Automation\Fabrics_Audit_Automation\Version 2\Cards\fetch_file.robot' in FOR loop starting on line 76: For loop header ':For' is deprecated. Use 'FOR' instead.</msg>
<msg timestamp="20201007 15:53:41.753" level="WARN">Error in file 'C:\Users\ssumanth\Desktop\Automation\Fabrics_Audit_Automation\Version 2\Cards\fetch_file.robot' in FOR loop starting on line 76: Marking for loop body with '\' is deprecated. Remove markers and use 'END' instead.</msg>
<msg timestamp="20201007 15:53:50.675" level="WARN">Error in file 'C:\Users\ssumanth\Desktop\Automation\Fabrics_Audit_Automation\Version 2\Cards\fetch_file.robot' in FOR loop starting on line 76: For loop header ':For' is deprecated. Use 'FOR' instead.</msg>
<msg timestamp="20201007 15:53:50.676" level="WARN">Error in file 'C:\Users\ssumanth\Desktop\Automation\Fabrics_Audit_Automation\Version 2\Cards\fetch_file.robot' in FOR loop starting on line 76: Marking for loop body with '\' is deprecated. Remove markers and use 'END' instead.</msg>
<msg timestamp="20201007 15:53:59.284" level="WARN">Error in file 'C:\Users\ssumanth\Desktop\Automation\Fabrics_Audit_Automation\Version 2\Cards\fetch_file.robot' in FOR loop starting on line 76: For loop header ':For' is deprecated. Use 'FOR' instead.</msg>
<msg timestamp="20201007 15:53:59.286" level="WARN">Error in file 'C:\Users\ssumanth\Desktop\Automation\Fabrics_Audit_Automation\Version 2\Cards\fetch_file.robot' in FOR loop starting on line 76: Marking for loop body with '\' is deprecated. Remove markers and use 'END' instead.</msg>
<msg timestamp="20201007 15:54:07.278" level="WARN">Error in file 'C:\Users\ssumanth\Desktop\Automation\Fabrics_Audit_Automation\Version 2\Cards\fetch_file.robot' in FOR loop starting on line 76: For loop header ':For' is deprecated. Use 'FOR' instead.</msg>
<msg timestamp="20201007 15:54:07.299" level="WARN">Error in file 'C:\Users\ssumanth\Desktop\Automation\Fabrics_Audit_Automation\Version 2\Cards\fetch_file.robot' in FOR loop starting on line 76: Marking for loop body with '\' is deprecated. Remove markers and use 'END' instead.</msg>
<msg timestamp="20201007 15:54:15.443" level="WARN">Error in file 'C:\Users\ssumanth\Desktop\Automation\Fabrics_Audit_Automation\Version 2\Cards\fetch_file.robot' in FOR loop starting on line 76: For loop header ':For' is deprecated. Use 'FOR' instead.</msg>
<msg timestamp="20201007 15:54:15.445" level="WARN">Error in file 'C:\Users\ssumanth\Desktop\Automation\Fabrics_Audit_Automation\Version 2\Cards\fetch_file.robot' in FOR loop starting on line 76: Marking for loop body with '\' is deprecated. Remove markers and use 'END' instead.</msg>
<msg timestamp="20201007 15:54:23.649" level="WARN">Error in file 'C:\Users\ssumanth\Desktop\Automation\Fabrics_Audit_Automation\Version 2\Cards\fetch_file.robot' in FOR loop starting on line 76: For loop header ':For' is deprecated. Use 'FOR' instead.</msg>
<msg timestamp="20201007 15:54:23.650" level="WARN">Error in file 'C:\Users\ssumanth\Desktop\Automation\Fabrics_Audit_Automation\Version 2\Cards\fetch_file.robot' in FOR loop starting on line 76: Marking for loop body with '\' is deprecated. Remove markers and use 'END' instead.</msg>
<msg timestamp="20201007 15:54:31.991" level="WARN">Error in file 'C:\Users\ssumanth\Desktop\Automation\Fabrics_Audit_Automation\Version 2\Cards\fetch_file.robot' in FOR loop starting on line 76: For loop header ':For' is deprecated. Use 'FOR' instead.</msg>
<msg timestamp="20201007 15:54:31.993" level="WARN">Error in file 'C:\Users\ssumanth\Desktop\Automation\Fabrics_Audit_Automation\Version 2\Cards\fetch_file.robot' in FOR loop starting on line 76: Marking for loop body with '\' is deprecated. Remove markers and use 'END' instead.</msg>
<msg timestamp="20201007 15:54:40.172" level="WARN">Error in file 'C:\Users\ssumanth\Desktop\Automation\Fabrics_Audit_Automation\Version 2\Cards\fetch_file.robot' in FOR loop starting on line 76: For loop header ':For' is deprecated. Use 'FOR' instead.</msg>
<msg timestamp="20201007 15:54:40.173" level="WARN">Error in file 'C:\Users\ssumanth\Desktop\Automation\Fabrics_Audit_Automation\Version 2\Cards\fetch_file.robot' in FOR loop starting on line 76: Marking for loop body with '\' is deprecated. Remove markers and use 'END' instead.</msg>
<msg timestamp="20201007 15:54:48.316" level="WARN">Error in file 'C:\Users\ssumanth\Desktop\Automation\Fabrics_Audit_Automation\Version 2\Cards\fetch_file.robot' in FOR loop starting on line 76: For loop header ':For' is deprecated. Use 'FOR' instead.</msg>
<msg timestamp="20201007 15:54:48.318" level="WARN">Error in file 'C:\Users\ssumanth\Desktop\Automation\Fabrics_Audit_Automation\Version 2\Cards\fetch_file.robot' in FOR loop starting on line 76: Marking for loop body with '\' is deprecated. Remove markers and use 'END' instead.</msg>
<msg timestamp="20201007 15:54:56.166" level="WARN">Error in file 'C:\Users\ssumanth\Desktop\Automation\Fabrics_Audit_Automation\Version 2\Cards\fetch_file.robot' in FOR loop starting on line 76: For loop header ':For' is deprecated. Use 'FOR' instead.</msg>
<msg timestamp="20201007 15:54:56.168" level="WARN">Error in file 'C:\Users\ssumanth\Desktop\Automation\Fabrics_Audit_Automation\Version 2\Cards\fetch_file.robot' in FOR loop starting on line 76: Marking for loop body with '\' is deprecated. Remove markers and use 'END' instead.</msg>
<msg timestamp="20201007 15:55:04.384" level="WARN">Error in file 'C:\Users\ssumanth\Desktop\Automation\Fabrics_Audit_Automation\Version 2\Cards\fetch_file.robot' in FOR loop starting on line 76: For loop header ':For' is deprecated. Use 'FOR' instead.</msg>
<msg timestamp="20201007 15:55:04.385" level="WARN">Error in file 'C:\Users\ssumanth\Desktop\Automation\Fabrics_Audit_Automation\Version 2\Cards\fetch_file.robot' in FOR loop starting on line 76: Marking for loop body with '\' is deprecated. Remove markers and use 'END' instead.</msg>
<msg timestamp="20201007 15:55:13.074" level="WARN">Error in file 'C:\Users\ssumanth\Desktop\Automation\Fabrics_Audit_Automation\Version 2\Cards\fetch_file.robot' in FOR loop starting on line 76: For loop header ':For' is deprecated. Use 'FOR' instead.</msg>
<msg timestamp="20201007 15:55:13.075" level="WARN">Error in file 'C:\Users\ssumanth\Desktop\Automation\Fabrics_Audit_Automation\Version 2\Cards\fetch_file.robot' in FOR loop starting on line 76: Marking for loop body with '\' is deprecated. Remove markers and use 'END' instead.</msg>
<msg timestamp="20201007 15:55:21.846" level="WARN">Error in file 'C:\Users\ssumanth\Desktop\Automation\Fabrics_Audit_Automation\Version 2\Cards\fetch_file.robot' in FOR loop starting on line 76: For loop header ':For' is deprecated. Use 'FOR' instead.</msg>
<msg timestamp="20201007 15:55:21.847" level="WARN">Error in file 'C:\Users\ssumanth\Desktop\Automation\Fabrics_Audit_Automation\Version 2\Cards\fetch_file.robot' in FOR loop starting on line 76: Marking for loop body with '\' is deprecated. Remove markers and use 'END' instead.</msg>
<msg timestamp="20201007 15:55:30.051" level="WARN">Error in file 'C:\Users\ssumanth\Desktop\Automation\Fabrics_Audit_Automation\Version 2\Cards\fetch_file.robot' in FOR loop starting on line 76: For loop header ':For' is deprecated. Use 'FOR' instead.</msg>
<msg timestamp="20201007 15:55:30.053" level="WARN">Error in file 'C:\Users\ssumanth\Desktop\Automation\Fabrics_Audit_Automation\Version 2\Cards\fetch_file.robot' in FOR loop starting on line 76: Marking for loop body with '\' is deprecated. Remove markers and use 'END' instead.</msg>
<msg timestamp="20201007 15:55:39.821" level="WARN">Error in file 'C:\Users\ssumanth\Desktop\Automation\Fabrics_Audit_Automation\Version 2\Cards\fetch_file.robot' in FOR loop starting on line 76: For loop header ':For' is deprecated. Use 'FOR' instead.</msg>
<msg timestamp="20201007 15:55:39.824" level="WARN">Error in file 'C:\Users\ssumanth\Desktop\Automation\Fabrics_Audit_Automation\Version 2\Cards\fetch_file.robot' in FOR loop starting on line 76: Marking for loop body with '\' is deprecated. Remove markers and use 'END' instead.</msg>
<msg timestamp="20201007 15:55:47.775" level="WARN">Error in file 'C:\Users\ssumanth\Desktop\Automation\Fabrics_Audit_Automation\Version 2\Cards\fetch_file.robot' in FOR loop starting on line 76: For loop header ':For' is deprecated. Use 'FOR' instead.</msg>
<msg timestamp="20201007 15:55:47.808" level="WARN">Error in file 'C:\Users\ssumanth\Desktop\Automation\Fabrics_Audit_Automation\Version 2\Cards\fetch_file.robot' in FOR loop starting on line 76: Marking for loop body with '\' is deprecated. Remove markers and use 'END' instead.</msg>
<msg timestamp="20201007 15:55:56.253" level="WARN">Error in file 'C:\Users\ssumanth\Desktop\Automation\Fabrics_Audit_Automation\Version 2\Cards\fetch_file.robot' in FOR loop starting on line 76: For loop header ':For' is deprecated. Use 'FOR' instead.</msg>
<msg timestamp="20201007 15:55:56.254" level="WARN">Error in file 'C:\Users\ssumanth\Desktop\Automation\Fabrics_Audit_Automation\Version 2\Cards\fetch_file.robot' in FOR loop starting on line 76: Marking for loop body with '\' is deprecated. Remove markers and use 'END' instead.</msg>
<msg timestamp="20201007 15:56:04.564" level="WARN">Error in file 'C:\Users\ssumanth\Desktop\Automation\Fabrics_Audit_Automation\Version 2\Cards\fetch_file.robot' in FOR loop starting on line 76: For loop header ':For' is deprecated. Use 'FOR' instead.</msg>
<msg timestamp="20201007 15:56:04.566" level="WARN">Error in file 'C:\Users\ssumanth\Desktop\Automation\Fabrics_Audit_Automation\Version 2\Cards\fetch_file.robot' in FOR loop starting on line 76: Marking for loop body with '\' is deprecated. Remove markers and use 'END' instead.</msg>
<msg timestamp="20201007 15:56:12.767" level="WARN">Error in file 'C:\Users\ssumanth\Desktop\Automation\Fabrics_Audit_Automation\Version 2\Cards\fetch_file.robot' in FOR loop starting on line 76: For loop header ':For' is deprecated. Use 'FOR' instead.</msg>
<msg timestamp="20201007 15:56:12.768" level="WARN">Error in file 'C:\Users\ssumanth\Desktop\Automation\Fabrics_Audit_Automation\Version 2\Cards\fetch_file.robot' in FOR loop starting on line 76: Marking for loop body with '\' is deprecated. Remove markers and use 'END' instead.</msg>
<msg timestamp="20201007 15:56:20.992" level="WARN">Error in file 'C:\Users\ssumanth\Desktop\Automation\Fabrics_Audit_Automation\Version 2\Cards\fetch_file.robot' in FOR loop starting on line 76: For loop header ':For' is deprecated. Use 'FOR' instead.</msg>
<msg timestamp="20201007 15:56:21.028" level="WARN">Error in file 'C:\Users\ssumanth\Desktop\Automation\Fabrics_Audit_Automation\Version 2\Cards\fetch_file.robot' in FOR loop starting on line 76: Marking for loop body with '\' is deprecated. Remove markers and use 'END' instead.</msg>
<msg timestamp="20201007 15:56:29.532" level="WARN">Error in file 'C:\Users\ssumanth\Desktop\Automation\Fabrics_Audit_Automation\Version 2\Cards\fetch_file.robot' in FOR loop starting on line 76: For loop header ':For' is deprecated. Use 'FOR' instead.</msg>
<msg timestamp="20201007 15:56:29.534" level="WARN">Error in file 'C:\Users\ssumanth\Desktop\Automation\Fabrics_Audit_Automation\Version 2\Cards\fetch_file.robot' in FOR loop starting on line 76: Marking for loop body with '\' is deprecated. Remove markers and use 'END' instead.</msg>
<msg timestamp="20201007 15:57:12.000" level="WARN">Error in file 'C:\Users\ssumanth\Desktop\Automation\Fabrics_Audit_Automation\Version 2\Cards\fetch_file.robot' in FOR loop starting on line 76: For loop header ':For' is deprecated. Use 'FOR' instead.</msg>
<msg timestamp="20201007 15:57:12.040" level="WARN">Error in file 'C:\Users\ssumanth\Desktop\Automation\Fabrics_Audit_Automation\Version 2\Cards\fetch_file.robot' in FOR loop starting on line 76: Marking for loop body with '\' is deprecated. Remove markers and use 'END' instead.</msg>
<msg timestamp="20201007 15:57:20.782" level="WARN">Error in file 'C:\Users\ssumanth\Desktop\Automation\Fabrics_Audit_Automation\Version 2\Cards\fetch_file.robot' in FOR loop starting on line 76: For loop header ':For' is deprecated. Use 'FOR' instead.</msg>
<msg timestamp="20201007 15:57:20.784" level="WARN">Error in file 'C:\Users\ssumanth\Desktop\Automation\Fabrics_Audit_Automation\Version 2\Cards\fetch_file.robot' in FOR loop starting on line 76: Marking for loop body with '\' is deprecated. Remove markers and use 'END' instead.</msg>
<msg timestamp="20201007 15:57:29.333" level="WARN">Error in file 'C:\Users\ssumanth\Desktop\Automation\Fabrics_Audit_Automation\Version 2\Cards\fetch_file.robot' in FOR loop starting on line 76: For loop header ':For' is deprecated. Use 'FOR' instead.</msg>
<msg timestamp="20201007 15:57:29.335" level="WARN">Error in file 'C:\Users\ssumanth\Desktop\Automation\Fabrics_Audit_Automation\Version 2\Cards\fetch_file.robot' in FOR loop starting on line 76: Marking for loop body with '\' is deprecated. Remove markers and use 'END' instead.</msg>
</errors>
</robot>
